21:04:44.378 [INFO] [org.gradle.launcher.daemon.server.Daemon] start() called on daemon - DefaultDaemonContext[uid=4b728226-2377-4b95-b06b-0bdb8d1efcc5,javaHome=/usr/lib/jvm/java-8-openjdk-amd64,daemonRegistryDir=/home/mahsa/Tu Kl/Compiler/group11/ex1/gradle/daemon,pid=12720,idleTimeout=60000,daemonOpts=-XX:MaxPermSize=256m,-XX:+HeapDumpOnOutOfMemoryError,-Xmx1024m,-Dfile.encoding=UTF-8,-Duser.country=US,-Duser.language=en,-Duser.variant]
21:04:44.383 [DEBUG] [org.gradle.launcher.daemon.server.DaemonStateCoordinator] updating lastActivityAt to 1494788684383
21:04:44.395 [DEBUG] [org.gradle.messaging.remote.internal.inet.InetAddressFactory] Adding IP addresses for network interface wlp2s0
21:04:44.396 [DEBUG] [org.gradle.messaging.remote.internal.inet.InetAddressFactory] Is this a loopback interface? false
21:04:44.396 [DEBUG] [org.gradle.messaging.remote.internal.inet.InetAddressFactory] Is this a multicast interface? true
21:04:44.397 [DEBUG] [org.gradle.messaging.remote.internal.inet.InetAddressFactory] Adding remote address /fe80:0:0:0:cc3c:7d9c:5705:d90a%wlp2s0
21:04:44.398 [DEBUG] [org.gradle.messaging.remote.internal.inet.InetAddressFactory] Adding remote address /2a02:810b:c540:a328:db0:8466:4130:9803%wlp2s0
21:04:44.399 [DEBUG] [org.gradle.messaging.remote.internal.inet.InetAddressFactory] Adding remote address /2a02:810b:c540:a328:2942:72f:da34:1a0%wlp2s0
21:04:44.399 [DEBUG] [org.gradle.messaging.remote.internal.inet.InetAddressFactory] Adding remote address /192.168.0.10
21:04:44.400 [DEBUG] [org.gradle.messaging.remote.internal.inet.InetAddressFactory] Adding remote multicast interface wlp2s0
21:04:44.400 [DEBUG] [org.gradle.messaging.remote.internal.inet.InetAddressFactory] Adding IP addresses for network interface lo
21:04:44.401 [DEBUG] [org.gradle.messaging.remote.internal.inet.InetAddressFactory] Is this a loopback interface? true
21:04:44.401 [DEBUG] [org.gradle.messaging.remote.internal.inet.InetAddressFactory] Is this a multicast interface? false
21:04:44.402 [DEBUG] [org.gradle.messaging.remote.internal.inet.InetAddressFactory] Adding loopback address /0:0:0:0:0:0:0:1%lo
21:04:44.402 [DEBUG] [org.gradle.messaging.remote.internal.inet.InetAddressFactory] Adding loopback address /127.0.0.1
21:04:44.424 [DEBUG] [org.gradle.messaging.remote.internal.inet.TcpIncomingConnector] Listening on [f2bd5d04-0546-41d0-ae3c-64d657c24684 port:34469, addresses:[/0:0:0:0:0:0:0:1%lo, /127.0.0.1]].
21:04:44.428 [DEBUG] [org.gradle.launcher.daemon.server.Daemon] Daemon starting at: Sun May 14 21:04:44 CEST 2017, with address: [f2bd5d04-0546-41d0-ae3c-64d657c24684 port:34469, addresses:[/0:0:0:0:0:0:0:1%lo, /127.0.0.1]]
21:04:44.429 [INFO] [org.gradle.launcher.daemon.server.DomainRegistryUpdater] Advertising the daemon address to the clients: [f2bd5d04-0546-41d0-ae3c-64d657c24684 port:34469, addresses:[/0:0:0:0:0:0:0:1%lo, /127.0.0.1]]
21:04:44.430 [DEBUG] [org.gradle.launcher.daemon.server.DomainRegistryUpdater] Advertised daemon context: DefaultDaemonContext[uid=4b728226-2377-4b95-b06b-0bdb8d1efcc5,javaHome=/usr/lib/jvm/java-8-openjdk-amd64,daemonRegistryDir=/home/mahsa/Tu Kl/Compiler/group11/ex1/gradle/daemon,pid=12720,idleTimeout=60000,daemonOpts=-XX:MaxPermSize=256m,-XX:+HeapDumpOnOutOfMemoryError,-Xmx1024m,-Dfile.encoding=UTF-8,-Duser.country=US,-Duser.language=en,-Duser.variant]
21:04:44.430 [DEBUG] [org.gradle.launcher.daemon.registry.PersistentDaemonRegistry] Storing daemon address: [f2bd5d04-0546-41d0-ae3c-64d657c24684 port:34469, addresses:[/0:0:0:0:0:0:0:1%lo, /127.0.0.1]], context: DefaultDaemonContext[uid=4b728226-2377-4b95-b06b-0bdb8d1efcc5,javaHome=/usr/lib/jvm/java-8-openjdk-amd64,daemonRegistryDir=/home/mahsa/Tu Kl/Compiler/group11/ex1/gradle/daemon,pid=12720,idleTimeout=60000,daemonOpts=-XX:MaxPermSize=256m,-XX:+HeapDumpOnOutOfMemoryError,-Xmx1024m,-Dfile.encoding=UTF-8,-Duser.country=US,-Duser.language=en,-Duser.variant]
21:04:44.441 [DEBUG] [org.gradle.cache.internal.DefaultFileLockManager] Waiting to acquire exclusive lock on daemon addresses registry.
21:04:44.444 [DEBUG] [org.gradle.cache.internal.DefaultFileLockManager] Lock acquired.
21:04:44.557 [DEBUG] [org.gradle.cache.internal.DefaultFileLockManager] Releasing lock on daemon addresses registry.
21:04:44.558 [LIFECYCLE] [org.gradle.launcher.daemon.server.Daemon] Daemon server started.
21:04:44.560 [DEBUG] [org.gradle.launcher.daemon.bootstrap.DaemonStartupCommunication] Completed writing the daemon greeting. Closing streams...
21:04:44.561 [DEBUG] [org.gradle.launcher.daemon.server.Daemon] requestStopOnIdleTimeout(60000 MILLISECONDS) called on daemon
21:04:44.562 [DEBUG] [org.gradle.launcher.daemon.server.DaemonStateCoordinator] Idle timeout: waiting for daemon to stop or be idle for 60000ms
21:04:44.563 [DEBUG] [org.gradle.launcher.daemon.server.DaemonStateCoordinator] Daemon is idle, sleeping until state change or idle timeout at Sun May 14 21:05:44 CEST 2017
21:04:44.567 [DEBUG] [org.gradle.messaging.remote.internal.inet.TcpIncomingConnector] Accepted connection from /127.0.0.1:60782 to /127.0.0.1:34469.
21:04:44.655 [DEBUG] [org.gradle.launcher.daemon.server.SynchronizedDispatchConnection] thread 14: received class org.gradle.launcher.daemon.protocol.Build
21:04:44.656 [DEBUG] [org.gradle.launcher.daemon.server.DefaultDaemonConnection] Received non-IO message from client: Build{id=1af44881-3136-4427-97ab-cdfa19538775.1, currentDir=/home/mahsa/Tu Kl/Compiler/group11/ex2}
21:04:44.657 [INFO] [org.gradle.launcher.daemon.server.DefaultIncomingConnectionHandler] Received command: Build{id=1af44881-3136-4427-97ab-cdfa19538775.1, currentDir=/home/mahsa/Tu Kl/Compiler/group11/ex2}.
21:04:44.658 [DEBUG] [org.gradle.launcher.daemon.server.DefaultIncomingConnectionHandler] Starting executing command: Build{id=1af44881-3136-4427-97ab-cdfa19538775.1, currentDir=/home/mahsa/Tu Kl/Compiler/group11/ex2} with connection: socket connection from /127.0.0.1:34469 to /127.0.0.1:60782.
21:04:44.674 [DEBUG] [org.gradle.launcher.daemon.server.DaemonStateCoordinator] Command execution: started DaemonCommandExecution[command = Build{id=1af44881-3136-4427-97ab-cdfa19538775.1, currentDir=/home/mahsa/Tu Kl/Compiler/group11/ex2}, connection = org.gradle.launcher.daemon.server.DefaultDaemonConnection@19868420] after 0.0 minutes of idle
21:04:44.675 [INFO] [org.gradle.launcher.daemon.server.DomainRegistryUpdater] Marking the daemon as busy, address: [f2bd5d04-0546-41d0-ae3c-64d657c24684 port:34469, addresses:[/0:0:0:0:0:0:0:1%lo, /127.0.0.1]]
21:04:44.676 [DEBUG] [org.gradle.launcher.daemon.registry.PersistentDaemonRegistry] Marking busy by address: [f2bd5d04-0546-41d0-ae3c-64d657c24684 port:34469, addresses:[/0:0:0:0:0:0:0:1%lo, /127.0.0.1]]
21:04:44.677 [DEBUG] [org.gradle.cache.internal.DefaultFileLockManager] Waiting to acquire exclusive lock on daemon addresses registry.
21:04:44.678 [DEBUG] [org.gradle.cache.internal.DefaultFileLockManager] Lock acquired.
21:04:44.685 [DEBUG] [org.gradle.cache.internal.DefaultFileLockManager] Releasing lock on daemon addresses registry.
21:04:44.686 [DEBUG] [org.gradle.launcher.daemon.server.DaemonStateCoordinator] updating lastActivityAt to 1494788684686
21:04:44.687 [DEBUG] [org.gradle.launcher.daemon.server.DaemonStateCoordinator] Daemon is busy, sleeping until state changes.
21:04:44.688 [INFO] [org.gradle.launcher.daemon.server.exec.StartBuildOrRespondWithBusy] Daemon is about to start building Build{id=1af44881-3136-4427-97ab-cdfa19538775.1, currentDir=/home/mahsa/Tu Kl/Compiler/group11/ex2}. Dispatching build started information...
21:04:44.689 [DEBUG] [org.gradle.launcher.daemon.server.SynchronizedDispatchConnection] thread 16: dispatching class org.gradle.launcher.daemon.protocol.BuildStarted
21:04:44.707 [DEBUG] [org.gradle.launcher.daemon.server.exec.EstablishBuildEnvironment] Configuring env variables: {PATH=/usr/local/gradle/bin:/usr/local/sbin:/usr/local/bin:/usr/sbin:/usr/bin:/sbin:/bin:/usr/games:/usr/local/games:/snap/bin:/home/mahsa/.rvm/bin, LC_MEASUREMENT=de_DE.UTF-8, XAUTHORITY=/home/mahsa/.Xauthority, XMODIFIERS=@im=ibus, LC_TELEPHONE=de_DE.UTF-8, XDG_DATA_DIRS=/usr/share/ubuntu:/usr/share/gnome:/usr/local/share/:/usr/share/:/var/lib/snapd/desktop, GDMSESSION=ubuntu, MANDATORY_PATH=/usr/share/gconf/ubuntu.mandatory.path, LC_TIME=de_DE.UTF-8, GTK_IM_MODULE=ibus, DBUS_SESSION_BUS_ADDRESS=unix:abstract=/tmp/dbus-BXGlBNzMwP, DEFAULTS_PATH=/usr/share/gconf/ubuntu.default.path, XDG_CURRENT_DESKTOP=Unity, LD_LIBRARY_PATH=/home/mahsa/Downloads/idea-IC-171.4073.35/bin:, UPSTART_SESSION=unix:abstract=/com/ubuntu/upstart-session/1000/1803, QT4_IM_MODULE=xim, LC_PAPER=de_DE.UTF-8, SESSION_MANAGER=local/mahsa-VPCEA15FG:@/tmp/.ICE-unix/2233,unix/mahsa-VPCEA15FG:/tmp/.ICE-unix/2233, QT_LINUX_ACCESSIBILITY_ALWAYS_ON=1, LOGNAME=mahsa, JOB=unity-settings-daemon, PWD=/home/mahsa, IM_CONFIG_PHASE=1, LANGUAGE=en_US, SHELL=/bin/bash, LC_ADDRESS=de_DE.UTF-8, GIO_LAUNCHED_DESKTOP_FILE=/usr/share/applications/jetbrains-idea-ce.desktop, GTK2_MODULES=overlay-scrollbar, INSTANCE=, GNOME_DESKTOP_SESSION_ID=this-is-deprecated, UPSTART_INSTANCE=, GTK_MODULES=gail:atk-bridge:unity-gtk-module, CLUTTER_IM_MODULE=xim, XDG_SESSION_PATH=/org/freedesktop/DisplayManager/Session0, COMPIZ_BIN_PATH=/usr/bin/, SESSIONTYPE=gnome-session, XDG_SESSION_DESKTOP=ubuntu, SHLVL=0, LC_IDENTIFICATION=de_DE.UTF-8, LC_MONETARY=de_DE.UTF-8, COMPIZ_CONFIG_PROFILE=ubuntu, QT_IM_MODULE=ibus, UPSTART_JOB=unity7, XFILESEARCHPATH=/usr/dt/app-defaults/%L/Dt, XDG_CONFIG_DIRS=/etc/xdg/xdg-ubuntu:/usr/share/upstart/xdg:/etc/xdg, LANG=en_US.UTF-8, GNOME_KEYRING_CONTROL=, XDG_SEAT_PATH=/org/freedesktop/DisplayManager/Seat0, XDG_SESSION_ID=c2, XDG_SESSION_TYPE=x11, GRADLE_HOME=/usr/local/gradle, DISPLAY=:0, LC_NAME=de_DE.UTF-8, GDM_LANG=en_US, XDG_GREETER_DATA_DIR=/var/lib/lightdm-data/mahsa, UPSTART_EVENTS=xsession started, GPG_AGENT_INFO=/home/mahsa/.gnupg/S.gpg-agent:0:1, DESKTOP_SESSION=ubuntu, SESSION=ubuntu, USER=mahsa, XDG_MENU_PREFIX=gnome-, GIO_LAUNCHED_DESKTOP_FILE_PID=3981, QT_ACCESSIBILITY=1, LC_NUMERIC=de_DE.UTF-8, SSH_AUTH_SOCK=/run/user/1000/keyring/ssh, XDG_SEAT=seat0, NLSPATH=/usr/dt/lib/nls/msg/%L/%N.cat, QT_QPA_PLATFORMTHEME=appmenu-qt5, XDG_VTNR=7, XDG_RUNTIME_DIR=/run/user/1000, HOME=/home/mahsa, GNOME_KEYRING_PID=}
21:04:44.714 [DEBUG] [org.gradle.launcher.daemon.server.SynchronizedDispatchConnection] thread 14: received class org.gradle.launcher.daemon.protocol.CloseInput
21:04:44.715 [DEBUG] [org.gradle.launcher.daemon.server.DefaultDaemonConnection] Received IO message from client: org.gradle.launcher.daemon.protocol.CloseInput@70b0e8b9
21:04:44.738 [DEBUG] [org.gradle.launcher.daemon.server.exec.LogToClient] About to start relaying all logs to the client via the connection.
21:04:44.738 [INFO] [org.gradle.launcher.daemon.server.exec.LogToClient] The client will now receive all logging from the daemon (pid: 12720). The daemon log file: /home/mahsa/Tu Kl/Compiler/group11/ex1/gradle/daemon/2.12/daemon-12720.out.log
21:04:44.752 [INFO] [org.gradle.launcher.daemon.server.health.DaemonHealthTracker] Starting build in new daemon [memory: 954.7 MB]
21:04:44.759 [INFO] [org.gradle.launcher.daemon.server.exec.ForwardClientInput] Closing daemon's stdin at end of input.
21:04:44.760 [INFO] [org.gradle.launcher.daemon.server.exec.ForwardClientInput] The daemon will no longer process any standard input.
21:04:44.764 [DEBUG] [org.gradle.launcher.daemon.server.exec.ExecuteBuild] The daemon has started executing the build.
21:04:44.765 [INFO] [org.gradle.launcher.daemon.server.exec.ExecuteBuild] Executing build with daemon context: DefaultDaemonContext[uid=4b728226-2377-4b95-b06b-0bdb8d1efcc5,javaHome=/usr/lib/jvm/java-8-openjdk-amd64,daemonRegistryDir=/home/mahsa/Tu Kl/Compiler/group11/ex1/gradle/daemon,pid=12720,idleTimeout=60000,daemonOpts=-XX:MaxPermSize=256m,-XX:+HeapDumpOnOutOfMemoryError,-Xmx1024m,-Dfile.encoding=UTF-8,-Duser.country=US,-Duser.language=en,-Duser.variant]
:genAst UP-TO-DATE
:genCupWarning : Terminal "SHORT" was declared but never used
Warning : Terminal "IMPLEMENTS" was declared but never used
Warning : Terminal "CONST" was declared but never used
Warning : Terminal "STRICTFP" was declared but never used
Warning : Terminal "ENUM" was declared but never used
Warning : Terminal "CATCH" was declared but never used
Warning : Terminal "THROW" was declared but never used
Warning : Terminal "DOUBLE" was declared but never used
Warning : Terminal "TRANSIENT" was declared but never used
Warning : Terminal "PROTECTED" was declared but never used
Warning : Terminal "FINAL" was declared but never used
Warning : Terminal "FLOAT" was declared but never used
Warning : Terminal "GOTO" was declared but never used
Warning : Terminal "PACKAGE" was declared but never used
Warning : Terminal "SUPER" was declared but never used
Warning : Terminal "ABSTRACT" was declared but never used
Warning : Terminal "NATIVE" was declared but never used
Warning : Terminal "LONG" was declared but never used
Warning : Terminal "INTERFACE" was declared but never used
Warning : Terminal "CHAR" was declared but never used
Warning : Terminal "SWITCH" was declared but never used
Warning : Terminal "DO" was declared but never used
Warning : Terminal "FOR" was declared but never used
Warning : Terminal "TRY" was declared but never used
Warning : Terminal "BREAK" was declared but never used
Warning : Terminal "THROWS" was declared but never used
Warning : Terminal "DEFAULT" was declared but never used
Warning : Terminal "IMPORT" was declared but never used
Warning : Terminal "SYNCHRONIZED" was declared but never used
Warning : Terminal "FINALLY" was declared but never used
Warning : Terminal "CONTINUE" was declared but never used
Warning : Terminal "INSTANCEOF" was declared but never used
Warning : Terminal "ASSERT" was declared but never used
Warning : Terminal "INVALID_TOKEN" was declared but never used
Warning : Terminal "VOLATILE" was declared but never used
Warning : Terminal "CASE" was declared but never used
Warning : Terminal "BYTE" was declared but never used
Warning : Terminal "PRIVATE" was declared but never used
Warning : Non terminal "memberdecl" was declared but never used
Warning : Non terminal "exp" was declared but never used
Warning : Non terminal "op" was declared but never used
Warning : *** Production "paramRest ::= " never reduced
Warning : *** Production "paramRest ::= COMMA type ID paramRest " never reduced
Warning : *** Production "paramList ::= " never reduced
Warning : *** Production "paramList ::= type ID paramRest " never reduced
------- CUP v0.11c 20160501 Parser Generation Summary -------
  0 errors and 45 warnings
  82 terminals, 20 non-terminals, and 56 productions declared, 
  producing 137 unique parse states.
  41 terminals declared but not used.
  0 non-terminals declared but not used.
  0 productions never reduced.
  0 conflicts detected (0 expected).
  Code written to "MiniJavaParser.java", and "MiniJavaParserSym.java".
---------------------------------------------------- (CUP v0.11c 20160501)

:genJflex UP-TO-DATE
:gen
:compileJavaNote: Some input files use or override a deprecated API.
Note: Recompile with -Xlint:deprecation for details.

:processResources UP-TO-DATE
:classes
:jar
:assemble
:compileTestJava
:processTestResources UP-TO-DATE
:testClasses
:test

minijava.parser.FileParsingTest > testParser[testdata/parser/ok/ConstructoCall.java] FAILED
    java.lang.AssertionError at FileParsingTest.java:66

minijava.parser.FileParsingTest > testParser[testdata/parser/ok/NewtonOO.java] FAILED
    java.lang.AssertionError at FileParsingTest.java:66

minijava.parser.FileParsingTest > testParser[testdata/parser/ok/MDeclTest.java] FAILED
    java.lang.AssertionError at FileParsingTest.java:66

minijava.parser.FileParsingTest > testParser[testdata/parser/ok/testPEverything.java] FAILED
    java.lang.AssertionError at FileParsingTest.java:66

minijava.parser.FileParsingTest > testParser[testdata/parser/ok/LinearSearch.java] FAILED
    java.lang.AssertionError at FileParsingTest.java:66

minijava.parser.FileParsingTest > testParser[testdata/parser/ok/Arrays2.java] FAILED
    java.lang.AssertionError at FileParsingTest.java:66

minijava.parser.FileParsingTest > testParser[testdata/parser/ok/TPOK_Inheritance2.java] FAILED
    java.lang.AssertionError at FileParsingTest.java:66

minijava.parser.FileParsingTest > testParser[testdata/parser/ok/TPOK_ArrayAlloc2.java] FAILED
    java.lang.AssertionError at FileParsingTest.java:66

minijava.parser.FileParsingTest > testParser[testdata/parser/ok/GameOfLife10.java] FAILED
    java.lang.AssertionError at FileParsingTest.java:66

minijava.parser.FileParsingTest > testParser[testdata/parser/ok/ThisTest.java] FAILED
    java.lang.AssertionError at FileParsingTest.java:66

minijava.parser.FileParsingTest > testParser[testdata/parser/ok/ManyArgs.java] FAILED
    java.lang.AssertionError at FileParsingTest.java:66

minijava.parser.FileParsingTest > testParser[testdata/parser/ok/Primes.java] FAILED
    java.lang.AssertionError at FileParsingTest.java:66

minijava.parser.FileParsingTest > testParser[testdata/parser/ok/VarTest.java] FAILED
    java.lang.AssertionError at FileParsingTest.java:66

minijava.parser.FileParsingTest > testParser[testdata/parser/ok/6-MaxArray.java] FAILED
    java.lang.AssertionError at FileParsingTest.java:66

minijava.parser.FileParsingTest > testParser[testdata/parser/ok/PrecedenceTest3.java] FAILED
    java.lang.AssertionError at FileParsingTest.java:66

minijava.parser.FileParsingTest > testParser[testdata/parser/ok/TPF_ArrayLookUninst.java] FAILED
    java.lang.AssertionError at FileParsingTest.java:66

minijava.parser.FileParsingTest > testParser[testdata/parser/ok/ThisOne.java] FAILED
    java.lang.AssertionError at FileParsingTest.java:66

minijava.parser.FileParsingTest > testParser[testdata/parser/ok/Stck.java] FAILED
    java.lang.AssertionError at FileParsingTest.java:66

minijava.parser.FileParsingTest > testParser[testdata/parser/ok/TestX.java] FAILED
    java.lang.AssertionError at FileParsingTest.java:66

minijava.parser.FileParsingTest > testParser[testdata/parser/ok/Fib.java] FAILED
    java.lang.AssertionError at FileParsingTest.java:66

minijava.parser.FileParsingTest > testParser[testdata/parser/ok/ArrayOk.java] FAILED
    java.lang.AssertionError at FileParsingTest.java:66

minijava.parser.FileParsingTest > testParser[testdata/parser/ok/MethodTest.java] FAILED
    java.lang.AssertionError at FileParsingTest.java:66

minijava.parser.FileParsingTest > testParser[testdata/parser/ok/InstanceMethodCall.java] FAILED
    java.lang.AssertionError at FileParsingTest.java:66

minijava.parser.FileParsingTest > testParser[testdata/parser/ok/ArrayAccess2.java] FAILED
    java.lang.AssertionError at FileParsingTest.java:66

minijava.parser.FileParsingTest > testParser[testdata/parser/ok/TPOK_MethodCall2.java] FAILED
    java.lang.AssertionError at FileParsingTest.java:66

minijava.parser.FileParsingTest > testParser[testdata/parser/ok/This.java] FAILED
    java.lang.AssertionError at FileParsingTest.java:66

minijava.parser.FileParsingTest > testParser[testdata/parser/ok/ParamTest2.java] FAILED
    java.lang.AssertionError at FileParsingTest.java:66

minijava.parser.FileParsingTest > testParser[testdata/parser/ok/5-OutOfBounds.java] FAILED
    java.lang.AssertionError at FileParsingTest.java:66

minijava.parser.FileParsingTest > testParser[testdata/parser/ok/TPOK_MethodDecl.java] FAILED
    java.lang.AssertionError at FileParsingTest.java:66

minijava.parser.FileParsingTest > testParser[testdata/parser/ok/Factorial.java] FAILED
    java.lang.AssertionError at FileParsingTest.java:66

minijava.parser.FileParsingTest > testParser[testdata/parser/ok/Shapes.java] FAILED
    java.lang.AssertionError at FileParsingTest.java:66

minijava.parser.FileParsingTest > testParser[testdata/parser/ok/Graph.java] FAILED
    java.lang.AssertionError at FileParsingTest.java:66

minijava.parser.FileParsingTest > testParser[testdata/parser/ok/QuickSortOO.java] FAILED
    java.lang.AssertionError at FileParsingTest.java:66

minijava.parser.FileParsingTest > testParser[testdata/parser/ok/TPOK_MethodCall.java] FAILED
    java.lang.AssertionError at FileParsingTest.java:66

minijava.parser.FileParsingTest > testParser[testdata/parser/ok/ClassPrint.java] FAILED
    java.lang.AssertionError at FileParsingTest.java:66

minijava.parser.FileParsingTest > testParser[testdata/parser/ok/TrivialClass.java] FAILED
    java.lang.AssertionError at FileParsingTest.java:66

minijava.parser.FileParsingTest > testParser[testdata/parser/ok/UninitializedFields.java] FAILED
    java.lang.AssertionError at FileParsingTest.java:66

minijava.parser.FileParsingTest > testParser[testdata/parser/ok/Scope2.java] FAILED
    java.lang.AssertionError at FileParsingTest.java:66

minijava.parser.FileParsingTest > testParser[testdata/parser/ok/Example3.java] FAILED
    java.lang.AssertionError at FileParsingTest.java:66

minijava.parser.FileParsingTest > testParser[testdata/parser/ok/PrecedenceTest4.java] FAILED
    java.lang.AssertionError at FileParsingTest.java:66

minijava.parser.FileParsingTest > testParser[testdata/parser/ok/ParamTest3.java] FAILED
    java.lang.AssertionError at FileParsingTest.java:66

minijava.parser.FileParsingTest > testParser[testdata/parser/ok/OverrideTest3.java] FAILED
    java.lang.AssertionError at FileParsingTest.java:66

minijava.parser.FileParsingTest > testParser[testdata/parser/ok/Sum.java] FAILED
    java.lang.AssertionError at FileParsingTest.java:66

minijava.parser.FileParsingTest > testParser[testdata/parser/ok/OverrideTest.java] FAILED
    java.lang.AssertionError at FileParsingTest.java:66

minijava.parser.FileParsingTest > testParser[testdata/parser/ok/ArrayTest.java] FAILED
    java.lang.AssertionError at FileParsingTest.java:66

minijava.parser.FileParsingTest > testParser[testdata/parser/ok/ArrayErrorWritePastEnd.java] FAILED
    java.lang.AssertionError at FileParsingTest.java:66

minijava.parser.FileParsingTest > testParser[testdata/parser/ok/EulerOO.java] FAILED
    java.lang.AssertionError at FileParsingTest.java:66

minijava.parser.FileParsingTest > testParser[testdata/parser/ok/Effects.java] FAILED
    java.lang.AssertionError at FileParsingTest.java:66

minijava.parser.FileParsingTest > testParser[testdata/parser/ok/TPF_ArrayLoadNeg.java] FAILED
    java.lang.AssertionError at FileParsingTest.java:66

minijava.parser.FileParsingTest > testParser[testdata/parser/ok/TPOK_ArrayAllocStore.java] FAILED
    java.lang.AssertionError at FileParsingTest.java:66

minijava.parser.FileParsingTest > testParser[testdata/parser/ok/4-Vars.java] FAILED
    java.lang.AssertionError at FileParsingTest.java:66

minijava.parser.FileParsingTest > testParser[testdata/parser/ok/FieldAccessTest.java] FAILED
    java.lang.AssertionError at FileParsingTest.java:66

minijava.parser.FileParsingTest > testParser[testdata/parser/ok/MoreThan4.java] FAILED
    java.lang.AssertionError at FileParsingTest.java:66

minijava.parser.FileParsingTest > testParser[testdata/parser/ok/Newton.java] FAILED
    java.lang.AssertionError at FileParsingTest.java:66

minijava.parser.FileParsingTest > testParser[testdata/parser/ok/TreeVisitor.java] FAILED
    java.lang.AssertionError at FileParsingTest.java:66

minijava.parser.FileParsingTest > testParser[testdata/parser/ok/MethodTest5.java] FAILED
    java.lang.AssertionError at FileParsingTest.java:66

minijava.parser.FileParsingTest > testParser[testdata/parser/ok/ParamTest.java] FAILED
    java.lang.AssertionError at FileParsingTest.java:66

minijava.parser.FileParsingTest > testParser[testdata/parser/ok/BinaryTree.java] FAILED
    java.lang.AssertionError at FileParsingTest.java:66

minijava.parser.FileParsingTest > testParser[testdata/parser/ok/TestEq.java] FAILED
    java.lang.AssertionError at FileParsingTest.java:66

minijava.parser.FileParsingTest > testParser[testdata/parser/ok/BubbleSort.java] FAILED
    java.lang.AssertionError at FileParsingTest.java:66

minijava.parser.FileParsingTest > testParser[testdata/parser/ok/Wurst.java] FAILED
    java.lang.AssertionError at FileParsingTest.java:66

minijava.parser.FileParsingTest > testParser[testdata/parser/ok/MethodTest3.java] FAILED
    java.lang.AssertionError at FileParsingTest.java:66

minijava.parser.FileParsingTest > testParser[testdata/parser/ok/VarTest2.java] FAILED
    java.lang.AssertionError at FileParsingTest.java:66

minijava.parser.FileParsingTest > testParser[testdata/parser/ok/While.java] FAILED
    java.lang.AssertionError at FileParsingTest.java:66

minijava.parser.FileParsingTest > testParser[testdata/parser/ok/MethodDeclTest.java] FAILED
    java.lang.AssertionError at FileParsingTest.java:66

minijava.parser.FileParsingTest > testParser[testdata/parser/ok/FibL.java] FAILED
    java.lang.AssertionError at FileParsingTest.java:66

minijava.parser.FileParsingTest > testParser[testdata/parser/ok/AllocTest.java] FAILED
    java.lang.AssertionError at FileParsingTest.java:66

minijava.parser.FileParsingTest > testParser[testdata/parser/ok/3-Call.java] FAILED
    java.lang.AssertionError at FileParsingTest.java:66

minijava.parser.FileParsingTest > testParser[testdata/parser/ok/WhileLoop.java] FAILED
    java.lang.AssertionError at FileParsingTest.java:66

minijava.parser.FileParsingTest > testParser[testdata/parser/ok/WhileSide.java] FAILED
    java.lang.AssertionError at FileParsingTest.java:66

minijava.parser.FileParsingTest > testParser[testdata/parser/ok/LinkedList.java] FAILED
    java.lang.AssertionError at FileParsingTest.java:66

minijava.parser.FileParsingTest > testParser[testdata/parser/ok/OverrideTest2.java] FAILED
    java.lang.AssertionError at FileParsingTest.java:66

minijava.parser.FileParsingTest > testParser[testdata/parser/ok/Scopes.java] FAILED
    java.lang.AssertionError at FileParsingTest.java:66

minijava.parser.FileParsingTest > testParser[testdata/parser/ok/TPOK_Inheritance.java] FAILED
    java.lang.AssertionError at FileParsingTest.java:66

minijava.parser.FileParsingTest > testParser[testdata/parser/ok/QuickSort.java] FAILED
    java.lang.AssertionError at FileParsingTest.java:66

minijava.parser.FileParsingTest > testParser[testdata/parser/ok/ShortCutAnd.java] FAILED
    java.lang.AssertionError at FileParsingTest.java:66

minijava.parser.FileParsingTest > testParser[testdata/parser/ok/Euler.java] FAILED
    java.lang.AssertionError at FileParsingTest.java:66

minijava.parser.FileParsingTest > testParser[testdata/parser/ok/InheritedFields.java] FAILED
    java.lang.AssertionError at FileParsingTest.java:66

minijava.parser.FileParsingTest > testParser[testdata/parser/ok/ArrayErrorWriteNullPointer.java] FAILED
    java.lang.AssertionError at FileParsingTest.java:66

minijava.parser.FileParsingTest > testParser[testdata/parser/ok/TestFieldAccess.java] FAILED
    java.lang.AssertionError at FileParsingTest.java:66

minijava.parser.FileParsingTest > testParser[testdata/parser/ok/MethodTest2.java] FAILED
    java.lang.AssertionError at FileParsingTest.java:66

minijava.parser.FileParsingTest > testParser[testdata/parser/ok/MethodInvokeTest.java] FAILED
    java.lang.AssertionError at FileParsingTest.java:66

minijava.parser.FileParsingTest > testParser[testdata/parser/ok/TPOK_MethodSetGet.java] FAILED
    java.lang.AssertionError at FileParsingTest.java:66

minijava.parser.FileParsingTest > testParser[testdata/parser/ok/ArrayBounds.java] FAILED
    java.lang.AssertionError at FileParsingTest.java:66

minijava.parser.FileParsingTest > testParser[testdata/parser/ok/Graph2.java] FAILED
    java.lang.AssertionError at FileParsingTest.java:66

minijava.parser.FileParsingTest > testParser[testdata/parser/ok/PrimesOO.java] FAILED
    java.lang.AssertionError at FileParsingTest.java:66

minijava.parser.FileParsingTest > testParser[testdata/parser/ok/Arrays.java] FAILED
    java.lang.AssertionError at FileParsingTest.java:66

minijava.parser.FileParsingTest > testParser[testdata/parser/ok/TPOK_ArrayLength.java] FAILED
    java.lang.AssertionError at FileParsingTest.java:66

minijava.parser.FileParsingTest > testParser[testdata/parser/ok/FieldAccessWithParenthesis.java] FAILED
    java.lang.AssertionError at FileParsingTest.java:66

minijava.parser.FileParsingTest > testParser[testdata/parser/ok/TPOK_MethodBoolean.java] FAILED
    java.lang.AssertionError at FileParsingTest.java:66

minijava.parser.FileParsingTest > testParser[testdata/parser/ok/Inherit.java] FAILED
    java.lang.AssertionError at FileParsingTest.java:66

minijava.parser.FileParsingTest > testParser[testdata/parser/ok/Override.java] FAILED
    java.lang.AssertionError at FileParsingTest.java:66

minijava.parser.FileParsingTest > testParser[testdata/parser/ok/ArrayAccess.java] FAILED
    java.lang.AssertionError at FileParsingTest.java:66

minijava.parser.FileParsingTest > testParser[testdata/parser/ok/Example4.java] FAILED
    java.lang.AssertionError at FileParsingTest.java:66

minijava.parser.FileParsingTest > testParser[testdata/parser/ok/MethodTest4.java] FAILED
    java.lang.AssertionError at FileParsingTest.java:66

minijava.parser.FileParsingTest > testParser[testdata/parser/ok/ArrayErrorLengthNullPointer.java] FAILED
    java.lang.AssertionError at FileParsingTest.java:66

minijava.parser.FileParsingTest > testParser[testdata/parser/ok/BinarySearch.java] FAILED
    java.lang.AssertionError at FileParsingTest.java:66

minijava.parser.FileParsingTest > testParser[testdata/parser/ok/TPF_ArrayStorePos.java] FAILED
    java.lang.AssertionError at FileParsingTest.java:66

minijava.parser.FileParsingTest > testParser[testdata/parser/ok/PrecedenceTest.java] FAILED
    java.lang.AssertionError at FileParsingTest.java:66

minijava.parser.FileParsingTest > testParser[testdata/parser/ok/ArrayErrorReadNullPointer.java] FAILED
    java.lang.AssertionError at FileParsingTest.java:66

minijava.parser.FileParsingTest > testParser[testdata/parser/ok/PrecedenceTest2.java] FAILED
    java.lang.AssertionError at FileParsingTest.java:66

minijava.parser.FileParsingTest > testParser[testdata/parser/ok/MethodCallOnNull.java] FAILED
    java.lang.AssertionError at FileParsingTest.java:66

minijava.parser.FileParsingTest > testParser[testdata/parser/ok/ArrayErrorWritePastBeginning.java] FAILED
    java.lang.AssertionError at FileParsingTest.java:66

minijava.parser.FileParsingTest > testParser[testdata/parser/error/BadAssignmentErrorNested.java] FAILED
    java.lang.AssertionError at FileParsingTest.java:63

minijava.parser.ParserAstTests > testMultipleArgumetns FAILED
    java.lang.NullPointerException at ParserAstTests.java:165

minijava.parser.ParserAstTests > testMultipleParameters FAILED
    java.lang.NullPointerException at ParserAstTests.java:157

minijava.parser.ParserAstTests > operatorPrecedenceUnaryAndFields FAILED
    java.lang.NullPointerException at ParserAstTests.java:102

210 tests completed, 107 failed
:test FAILED

FAILURE: Build failed with an exception.

* What went wrong:
Execution failed for task ':test'.
> There were failing tests. See the report at: file:///home/mahsa/Tu%20Kl/Compiler/group11/ex2/build/reports/tests/index.html

* Try:
Run with --stacktrace option to get the stack trace. Run with --info or --debug option to get more log output.

BUILD FAILED

Total time: 19.005 secs
21:05:02.311 [DEBUG] [org.gradle.cache.internal.DefaultFileLockManager] Releasing lock on cp_proj class cache for build file '/home/mahsa/Tu Kl/Compiler/group11/ex2/build.gradle' (/home/mahsa/Tu Kl/Compiler/group11/ex1/gradle/caches/2.12/scripts/build_8y80ghzyvtxk277vx77bwabpq/cp_proj).
21:05:02.312 [DEBUG] [org.gradle.cache.internal.DefaultFileLockManager] Releasing lock on proj class cache for build file '/home/mahsa/Tu Kl/Compiler/group11/ex2/build.gradle' (/home/mahsa/Tu Kl/Compiler/group11/ex1/gradle/caches/2.12/scripts/build_8y80ghzyvtxk277vx77bwabpq/proj).
21:05:02.315 [DEBUG] [org.gradle.cache.internal.btree.BTreePersistentIndexedCache] Closing cache fileHashes.bin (/home/mahsa/Tu Kl/Compiler/group11/ex2/.gradle/2.12/taskArtifacts/fileHashes.bin)
21:05:02.319 [DEBUG] [org.gradle.cache.internal.btree.BTreePersistentIndexedCache] Closing cache outputFileStates.bin (/home/mahsa/Tu Kl/Compiler/group11/ex2/.gradle/2.12/taskArtifacts/outputFileStates.bin)
21:05:02.320 [DEBUG] [org.gradle.cache.internal.btree.BTreePersistentIndexedCache] Closing cache fileSnapshots.bin (/home/mahsa/Tu Kl/Compiler/group11/ex2/.gradle/2.12/taskArtifacts/fileSnapshots.bin)
21:05:02.320 [DEBUG] [org.gradle.cache.internal.btree.BTreePersistentIndexedCache] Closing cache taskArtifacts.bin (/home/mahsa/Tu Kl/Compiler/group11/ex2/.gradle/2.12/taskArtifacts/taskArtifacts.bin)
21:05:02.321 [DEBUG] [org.gradle.cache.internal.DefaultFileLockManager] Releasing lock on task history cache (/home/mahsa/Tu Kl/Compiler/group11/ex2/.gradle/2.12/taskArtifacts).
21:05:02.324 [DEBUG] [org.gradle.cache.internal.btree.BTreePersistentIndexedCache] Closing cache module-metadata.bin (/home/mahsa/Tu Kl/Compiler/group11/ex1/gradle/caches/modules-2/metadata-2.16/module-metadata.bin)
21:05:02.324 [DEBUG] [org.gradle.cache.internal.btree.BTreePersistentIndexedCache] Closing cache artifact-at-repository.bin (/home/mahsa/Tu Kl/Compiler/group11/ex1/gradle/caches/modules-2/metadata-2.16/artifact-at-repository.bin)
21:05:02.325 [DEBUG] [org.gradle.cache.internal.DefaultFileLockManager] Releasing lock on artifact cache (/home/mahsa/Tu Kl/Compiler/group11/ex1/gradle/caches/modules-2).
21:05:02.326 [DEBUG] [org.gradle.api.internal.artifacts.ivyservice.ivyresolve.memcache.InMemoryCachedRepositoryFactory] In-memory dependency metadata cache closed. Repos cached: 4, cache instances: 1, modules served from cache: 12, artifacts: 12
21:05:02.331 [DEBUG] [org.gradle.api.internal.artifacts.ivyservice.resolveengine.store.CachedStoreFactory] Resolution result cache closed. Cache reads: 0, disk reads: 0 (avg: 0.0 secs, total: 0.0 secs)
21:05:02.332 [DEBUG] [org.gradle.api.internal.artifacts.ivyservice.resolveengine.store.CachedStoreFactory] Resolution result cache closed. Cache reads: 0, disk reads: 0 (avg: 0.0 secs, total: 0.0 secs)
21:05:02.332 [DEBUG] [org.gradle.api.internal.artifacts.ivyservice.resolveengine.store.ResolutionResultsStoreFactory] Deleted 2 resolution results binary files in 0.005 secs
21:05:02.333 [DEBUG] [org.gradle.cache.internal.DefaultCacheAccess] Cache Plugin Resolution Cache (/home/mahsa/Tu Kl/Compiler/group11/ex1/gradle/caches/2.12/plugin-resolution) was closed 0 times.
21:05:02.336 [DEBUG] [org.gradle.cache.internal.DefaultFileLockManager] Releasing lock on cache directory workerMain (/home/mahsa/Tu Kl/Compiler/group11/ex1/gradle/caches/2.12/workerMain).
21:05:02.339 [DEBUG] [org.gradle.api.internal.tasks.compile.daemon.CompilerDaemonManager] Stopping 0 compiler daemon(s).
21:05:02.340 [INFO] [org.gradle.api.internal.tasks.compile.daemon.CompilerDaemonManager] Stopped 0 compiler daemon(s).
21:05:02.340 [DEBUG] [org.gradle.launcher.daemon.server.exec.ExecuteBuild] The daemon has finished executing the build.
21:05:02.849 [DEBUG] [org.gradle.launcher.daemon.server.DaemonStateCoordinator] Daemon is busy, sleeping until state changes.
21:05:02.855 [DEBUG] [org.gradle.launcher.daemon.server.DaemonStateCoordinator] Command execution: finished waiting for DaemonCommandExecution[command = Build{id=1af44881-3136-4427-97ab-cdfa19538775.1, currentDir=/home/mahsa/Tu Kl/Compiler/group11/ex2}, connection = org.gradle.launcher.daemon.server.DefaultDaemonConnection@19868420]. Result org.gradle.launcher.daemon.server.DaemonStateCoordinator@1a7aa605 with state Running
21:05:02.855 [DEBUG] [org.gradle.launcher.daemon.server.DaemonStateCoordinator] Command execution: completed DaemonCommandExecution[command = Build{id=1af44881-3136-4427-97ab-cdfa19538775.1, currentDir=/home/mahsa/Tu Kl/Compiler/group11/ex2}, connection = org.gradle.launcher.daemon.server.DefaultDaemonConnection@19868420]
21:05:02.856 [DEBUG] [org.gradle.launcher.daemon.server.DaemonStateCoordinator] updating lastActivityAt to 1494788702856
21:05:02.856 [INFO] [org.gradle.launcher.daemon.server.DomainRegistryUpdater] Marking the daemon as idle, address: [f2bd5d04-0546-41d0-ae3c-64d657c24684 port:34469, addresses:[/0:0:0:0:0:0:0:1%lo, /127.0.0.1]]
21:05:02.856 [DEBUG] [org.gradle.launcher.daemon.registry.PersistentDaemonRegistry] Marking idle by address: [f2bd5d04-0546-41d0-ae3c-64d657c24684 port:34469, addresses:[/0:0:0:0:0:0:0:1%lo, /127.0.0.1]]
21:05:02.858 [DEBUG] [org.gradle.cache.internal.DefaultFileLockManager] Waiting to acquire exclusive lock on daemon addresses registry.
21:05:02.860 [DEBUG] [org.gradle.cache.internal.DefaultFileLockManager] Lock acquired.
21:05:02.864 [DEBUG] [org.gradle.cache.internal.DefaultFileLockManager] Releasing lock on daemon addresses registry.
21:05:02.867 [DEBUG] [org.gradle.launcher.daemon.server.DaemonStateCoordinator] Daemon is idle, sleeping until state change or idle timeout at Sun May 14 21:06:02 CEST 2017
21:05:02.868 [DEBUG] [org.gradle.launcher.daemon.server.exec.ReturnResult] Daemon is dispatching the build result: Failure[value=org.gradle.initialization.ReportedException: org.gradle.internal.exceptions.LocationAwareException: Execution failed for task ':test'.]
21:05:02.868 [DEBUG] [org.gradle.launcher.daemon.server.SynchronizedDispatchConnection] thread 13: dispatching class org.gradle.launcher.daemon.protocol.Failure
21:05:02.935 [DEBUG] [org.gradle.launcher.daemon.server.DefaultIncomingConnectionHandler] Finishing executing command: Build{id=1af44881-3136-4427-97ab-cdfa19538775.1, currentDir=/home/mahsa/Tu Kl/Compiler/group11/ex2}
21:05:02.970 [DEBUG] [org.gradle.launcher.daemon.server.SynchronizedDispatchConnection] thread 14: received class org.gradle.launcher.daemon.protocol.Finished
21:05:02.970 [DEBUG] [org.gradle.launcher.daemon.server.DefaultDaemonConnection] Received non-IO message from client: org.gradle.launcher.daemon.protocol.Finished@74907ffb
21:05:02.971 [DEBUG] [org.gradle.launcher.daemon.server.DefaultIncomingConnectionHandler] Received finished message: org.gradle.launcher.daemon.protocol.Finished@74907ffb
21:05:02.971 [DEBUG] [org.gradle.launcher.daemon.server.SynchronizedDispatchConnection] thread 13: stopping connection
21:05:02.973 [DEBUG] [org.gradle.messaging.remote.internal.inet.SocketConnection] Discarding EOFException: java.io.EOFException
21:05:02.974 [DEBUG] [org.gradle.launcher.daemon.server.SynchronizedDispatchConnection] thread 14: received null
21:05:02.979 [DEBUG] [org.gradle.launcher.daemon.server.DefaultDaemonConnection] Received end-of-input from client.
21:05:02.980 [DEBUG] [org.gradle.launcher.daemon.server.SynchronizedDispatchConnection] thread 13: stopping connection
21:06:02.857 [DEBUG] [org.gradle.launcher.daemon.server.DaemonStateCoordinator] Idle timeout: daemon has been idle for requested period. Stopping now.
21:06:02.857 [DEBUG] [org.gradle.launcher.daemon.server.DaemonStateCoordinator] Marking daemon stopped due to idle timeout. The daemon is running a build: false
21:06:02.858 [DEBUG] [org.gradle.launcher.daemon.server.Daemon] stop() called on daemon
21:06:02.858 [INFO] [org.gradle.launcher.daemon.server.Daemon] Stop requested. Daemon is removing its presence from the registry...
21:06:02.859 [DEBUG] [org.gradle.launcher.daemon.server.DomainRegistryUpdater] Removing our presence to clients, eg. removing this address from the registry: [f2bd5d04-0546-41d0-ae3c-64d657c24684 port:34469, addresses:[/0:0:0:0:0:0:0:1%lo, /127.0.0.1]]
21:06:02.860 [DEBUG] [org.gradle.launcher.daemon.registry.PersistentDaemonRegistry] Removing daemon address: [f2bd5d04-0546-41d0-ae3c-64d657c24684 port:34469, addresses:[/0:0:0:0:0:0:0:1%lo, /127.0.0.1]]
21:06:02.861 [DEBUG] [org.gradle.cache.internal.DefaultFileLockManager] Waiting to acquire exclusive lock on daemon addresses registry.
21:06:02.862 [DEBUG] [org.gradle.cache.internal.DefaultFileLockManager] Lock acquired.
21:06:02.866 [DEBUG] [org.gradle.cache.internal.DefaultFileLockManager] Releasing lock on daemon addresses registry.
21:06:02.867 [DEBUG] [org.gradle.launcher.daemon.server.DomainRegistryUpdater] Address removed from registry.
Daemon vm is shutting down... The daemon has exited normally or was terminated in response to a user interrupt.
21:06:02.871 [DEBUG] [org.gradle.launcher.daemon.registry.PersistentDaemonRegistry] Removing daemon address: [f2bd5d04-0546-41d0-ae3c-64d657c24684 port:34469, addresses:[/0:0:0:0:0:0:0:1%lo, /127.0.0.1]]
21:06:02.872 [DEBUG] [org.gradle.cache.internal.DefaultFileLockManager] Waiting to acquire exclusive lock on daemon addresses registry.
21:06:02.872 [DEBUG] [org.gradle.cache.internal.DefaultFileLockManager] Lock acquired.
21:06:02.873 [DEBUG] [org.gradle.cache.internal.DefaultFileLockManager] Releasing lock on daemon addresses registry.
