13:58:10.941 [INFO] [org.gradle.launcher.daemon.server.Daemon] start() called on daemon - DefaultDaemonContext[uid=d9d0ed2a-b61b-4566-8632-747e82c237a0,javaHome=/usr/lib/jvm/java-8-openjdk-amd64,daemonRegistryDir=/home/mahsa/Tu Kl/Compiler/group11/ex1/gradle/daemon,pid=5675,idleTimeout=60000,daemonOpts=-XX:MaxPermSize=256m,-XX:+HeapDumpOnOutOfMemoryError,-Xmx1024m,-Dfile.encoding=UTF-8,-Duser.country=US,-Duser.language=en,-Duser.variant]
13:58:10.946 [DEBUG] [org.gradle.launcher.daemon.server.DaemonStateCoordinator] updating lastActivityAt to 1493726290946
13:58:11.004 [DEBUG] [org.gradle.messaging.remote.internal.inet.InetAddressFactory] Adding IP addresses for network interface wlp2s0
13:58:11.005 [DEBUG] [org.gradle.messaging.remote.internal.inet.InetAddressFactory] Is this a loopback interface? false
13:58:11.005 [DEBUG] [org.gradle.messaging.remote.internal.inet.InetAddressFactory] Is this a multicast interface? true
13:58:11.006 [DEBUG] [org.gradle.messaging.remote.internal.inet.InetAddressFactory] Adding remote address /fe80:0:0:0:6e6f:d075:b957:48a5%wlp2s0
13:58:11.007 [DEBUG] [org.gradle.messaging.remote.internal.inet.InetAddressFactory] Adding remote address /fe80:0:0:0:82e5:94a5:451c:80b8%wlp2s0
13:58:11.008 [DEBUG] [org.gradle.messaging.remote.internal.inet.InetAddressFactory] Adding remote address /fe80:0:0:0:6d0e:ae32:c9a2:9e22%wlp2s0
13:58:11.009 [DEBUG] [org.gradle.messaging.remote.internal.inet.InetAddressFactory] Adding remote address /131.246.176.163
13:58:11.009 [DEBUG] [org.gradle.messaging.remote.internal.inet.InetAddressFactory] Adding remote multicast interface wlp2s0
13:58:11.010 [DEBUG] [org.gradle.messaging.remote.internal.inet.InetAddressFactory] Adding IP addresses for network interface lo
13:58:11.010 [DEBUG] [org.gradle.messaging.remote.internal.inet.InetAddressFactory] Is this a loopback interface? true
13:58:11.011 [DEBUG] [org.gradle.messaging.remote.internal.inet.InetAddressFactory] Is this a multicast interface? false
13:58:11.011 [DEBUG] [org.gradle.messaging.remote.internal.inet.InetAddressFactory] Adding loopback address /0:0:0:0:0:0:0:1%lo
13:58:11.012 [DEBUG] [org.gradle.messaging.remote.internal.inet.InetAddressFactory] Adding loopback address /127.0.0.1
13:58:11.131 [DEBUG] [org.gradle.messaging.remote.internal.inet.TcpIncomingConnector] Listening on [f77bc43a-bc51-459b-9d96-ae46a6469403 port:36368, addresses:[/0:0:0:0:0:0:0:1%lo, /127.0.0.1]].
13:58:11.161 [DEBUG] [org.gradle.launcher.daemon.server.Daemon] Daemon starting at: Tue May 02 13:58:11 CEST 2017, with address: [f77bc43a-bc51-459b-9d96-ae46a6469403 port:36368, addresses:[/0:0:0:0:0:0:0:1%lo, /127.0.0.1]]
13:58:11.162 [INFO] [org.gradle.launcher.daemon.server.DomainRegistryUpdater] Advertising the daemon address to the clients: [f77bc43a-bc51-459b-9d96-ae46a6469403 port:36368, addresses:[/0:0:0:0:0:0:0:1%lo, /127.0.0.1]]
13:58:11.162 [DEBUG] [org.gradle.launcher.daemon.server.DomainRegistryUpdater] Advertised daemon context: DefaultDaemonContext[uid=d9d0ed2a-b61b-4566-8632-747e82c237a0,javaHome=/usr/lib/jvm/java-8-openjdk-amd64,daemonRegistryDir=/home/mahsa/Tu Kl/Compiler/group11/ex1/gradle/daemon,pid=5675,idleTimeout=60000,daemonOpts=-XX:MaxPermSize=256m,-XX:+HeapDumpOnOutOfMemoryError,-Xmx1024m,-Dfile.encoding=UTF-8,-Duser.country=US,-Duser.language=en,-Duser.variant]
13:58:11.163 [DEBUG] [org.gradle.launcher.daemon.registry.PersistentDaemonRegistry] Storing daemon address: [f77bc43a-bc51-459b-9d96-ae46a6469403 port:36368, addresses:[/0:0:0:0:0:0:0:1%lo, /127.0.0.1]], context: DefaultDaemonContext[uid=d9d0ed2a-b61b-4566-8632-747e82c237a0,javaHome=/usr/lib/jvm/java-8-openjdk-amd64,daemonRegistryDir=/home/mahsa/Tu Kl/Compiler/group11/ex1/gradle/daemon,pid=5675,idleTimeout=60000,daemonOpts=-XX:MaxPermSize=256m,-XX:+HeapDumpOnOutOfMemoryError,-Xmx1024m,-Dfile.encoding=UTF-8,-Duser.country=US,-Duser.language=en,-Duser.variant]
13:58:11.206 [DEBUG] [org.gradle.cache.internal.DefaultFileLockManager] Waiting to acquire exclusive lock on daemon addresses registry.
13:58:11.208 [DEBUG] [org.gradle.cache.internal.DefaultFileLockManager] Lock acquired.
13:58:11.760 [DEBUG] [org.gradle.cache.internal.DefaultFileLockManager] Releasing lock on daemon addresses registry.
13:58:11.761 [LIFECYCLE] [org.gradle.launcher.daemon.server.Daemon] Daemon server started.
13:58:11.764 [DEBUG] [org.gradle.launcher.daemon.bootstrap.DaemonStartupCommunication] Completed writing the daemon greeting. Closing streams...
13:58:11.765 [DEBUG] [org.gradle.launcher.daemon.server.Daemon] requestStopOnIdleTimeout(60000 MILLISECONDS) called on daemon
13:58:11.765 [DEBUG] [org.gradle.launcher.daemon.server.DaemonStateCoordinator] Idle timeout: waiting for daemon to stop or be idle for 60000ms
13:58:11.766 [DEBUG] [org.gradle.launcher.daemon.server.DaemonStateCoordinator] Daemon is idle, sleeping until state change or idle timeout at Tue May 02 13:59:10 CEST 2017
13:58:11.785 [DEBUG] [org.gradle.messaging.remote.internal.inet.TcpIncomingConnector] Accepted connection from /127.0.0.1:58684 to /127.0.0.1:36368.
13:58:11.976 [DEBUG] [org.gradle.launcher.daemon.server.SynchronizedDispatchConnection] thread 14: received class org.gradle.launcher.daemon.protocol.Build
13:58:11.977 [DEBUG] [org.gradle.launcher.daemon.server.DefaultDaemonConnection] Received non-IO message from client: Build{id=f7aea5db-03c1-456e-8954-7fe399992a0f.1, currentDir=/home/mahsa/Tu Kl/Compiler/Exe2/ex2}
13:58:11.977 [INFO] [org.gradle.launcher.daemon.server.DefaultIncomingConnectionHandler] Received command: Build{id=f7aea5db-03c1-456e-8954-7fe399992a0f.1, currentDir=/home/mahsa/Tu Kl/Compiler/Exe2/ex2}.
13:58:11.978 [DEBUG] [org.gradle.launcher.daemon.server.DefaultIncomingConnectionHandler] Starting executing command: Build{id=f7aea5db-03c1-456e-8954-7fe399992a0f.1, currentDir=/home/mahsa/Tu Kl/Compiler/Exe2/ex2} with connection: socket connection from /127.0.0.1:36368 to /127.0.0.1:58684.
13:58:12.026 [DEBUG] [org.gradle.launcher.daemon.server.DaemonStateCoordinator] Command execution: started DaemonCommandExecution[command = Build{id=f7aea5db-03c1-456e-8954-7fe399992a0f.1, currentDir=/home/mahsa/Tu Kl/Compiler/Exe2/ex2}, connection = org.gradle.launcher.daemon.server.DefaultDaemonConnection@117178a] after 0.0 minutes of idle
13:58:12.027 [INFO] [org.gradle.launcher.daemon.server.DomainRegistryUpdater] Marking the daemon as busy, address: [f77bc43a-bc51-459b-9d96-ae46a6469403 port:36368, addresses:[/0:0:0:0:0:0:0:1%lo, /127.0.0.1]]
13:58:12.027 [DEBUG] [org.gradle.launcher.daemon.registry.PersistentDaemonRegistry] Marking busy by address: [f77bc43a-bc51-459b-9d96-ae46a6469403 port:36368, addresses:[/0:0:0:0:0:0:0:1%lo, /127.0.0.1]]
13:58:12.028 [DEBUG] [org.gradle.cache.internal.DefaultFileLockManager] Waiting to acquire exclusive lock on daemon addresses registry.
13:58:12.029 [DEBUG] [org.gradle.cache.internal.DefaultFileLockManager] Lock acquired.
13:58:12.033 [DEBUG] [org.gradle.cache.internal.DefaultFileLockManager] Releasing lock on daemon addresses registry.
13:58:12.034 [DEBUG] [org.gradle.launcher.daemon.server.DaemonStateCoordinator] updating lastActivityAt to 1493726292034
13:58:12.034 [DEBUG] [org.gradle.launcher.daemon.server.DaemonStateCoordinator] Daemon is busy, sleeping until state changes.
13:58:12.036 [INFO] [org.gradle.launcher.daemon.server.exec.StartBuildOrRespondWithBusy] Daemon is about to start building Build{id=f7aea5db-03c1-456e-8954-7fe399992a0f.1, currentDir=/home/mahsa/Tu Kl/Compiler/Exe2/ex2}. Dispatching build started information...
13:58:12.037 [DEBUG] [org.gradle.launcher.daemon.server.SynchronizedDispatchConnection] thread 16: dispatching class org.gradle.launcher.daemon.protocol.BuildStarted
13:58:12.042 [DEBUG] [org.gradle.launcher.daemon.server.SynchronizedDispatchConnection] thread 14: received class org.gradle.launcher.daemon.protocol.CloseInput
13:58:12.043 [DEBUG] [org.gradle.launcher.daemon.server.DefaultDaemonConnection] Received IO message from client: org.gradle.launcher.daemon.protocol.CloseInput@1a26b8e
13:58:12.070 [DEBUG] [org.gradle.launcher.daemon.server.exec.EstablishBuildEnvironment] Configuring env variables: {PATH=/usr/local/gradle/bin:/usr/local/sbin:/usr/local/bin:/usr/sbin:/usr/bin:/sbin:/bin:/usr/games:/usr/local/games:/snap/bin:/home/mahsa/.rvm/bin, LC_MEASUREMENT=de_DE.UTF-8, XAUTHORITY=/home/mahsa/.Xauthority, XMODIFIERS=@im=ibus, LC_TELEPHONE=de_DE.UTF-8, XDG_DATA_DIRS=/usr/share/ubuntu:/usr/share/gnome:/usr/local/share/:/usr/share/:/var/lib/snapd/desktop, GDMSESSION=ubuntu, MANDATORY_PATH=/usr/share/gconf/ubuntu.mandatory.path, LC_TIME=de_DE.UTF-8, GTK_IM_MODULE=ibus, DBUS_SESSION_BUS_ADDRESS=unix:abstract=/tmp/dbus-u5H2rBLE34, DEFAULTS_PATH=/usr/share/gconf/ubuntu.default.path, XDG_CURRENT_DESKTOP=Unity, LD_LIBRARY_PATH=/home/mahsa/Downloads/idea-IC-171.4073.35/bin:, UPSTART_SESSION=unix:abstract=/com/ubuntu/upstart-session/1000/1756, QT4_IM_MODULE=xim, LC_PAPER=de_DE.UTF-8, SESSION_MANAGER=local/mahsa-VPCEA15FG:@/tmp/.ICE-unix/1995,unix/mahsa-VPCEA15FG:/tmp/.ICE-unix/1995, QT_LINUX_ACCESSIBILITY_ALWAYS_ON=1, LOGNAME=mahsa, JOB=unity-settings-daemon, PWD=/home/mahsa, IM_CONFIG_PHASE=1, LANGUAGE=en_US, SHELL=/bin/bash, LC_ADDRESS=de_DE.UTF-8, GIO_LAUNCHED_DESKTOP_FILE=/usr/share/applications/jetbrains-idea-ce.desktop, GTK2_MODULES=overlay-scrollbar, INSTANCE=, GNOME_DESKTOP_SESSION_ID=this-is-deprecated, UPSTART_INSTANCE=, GTK_MODULES=gail:atk-bridge:unity-gtk-module, CLUTTER_IM_MODULE=xim, XDG_SESSION_PATH=/org/freedesktop/DisplayManager/Session0, COMPIZ_BIN_PATH=/usr/bin/, SESSIONTYPE=gnome-session, XDG_SESSION_DESKTOP=ubuntu, SHLVL=0, LC_IDENTIFICATION=de_DE.UTF-8, LC_MONETARY=de_DE.UTF-8, COMPIZ_CONFIG_PROFILE=ubuntu, QT_IM_MODULE=ibus, UPSTART_JOB=unity7, XFILESEARCHPATH=/usr/dt/app-defaults/%L/Dt, XDG_CONFIG_DIRS=/etc/xdg/xdg-ubuntu:/usr/share/upstart/xdg:/etc/xdg, LANG=en_US.UTF-8, GNOME_KEYRING_CONTROL=, XDG_SEAT_PATH=/org/freedesktop/DisplayManager/Seat0, XDG_SESSION_ID=c2, XDG_SESSION_TYPE=x11, GRADLE_HOME=/usr/local/gradle, DISPLAY=:0, LC_NAME=de_DE.UTF-8, GDM_LANG=en_US, XDG_GREETER_DATA_DIR=/var/lib/lightdm-data/mahsa, UPSTART_EVENTS=xsession started, GPG_AGENT_INFO=/home/mahsa/.gnupg/S.gpg-agent:0:1, DESKTOP_SESSION=ubuntu, SESSION=ubuntu, USER=mahsa, XDG_MENU_PREFIX=gnome-, GIO_LAUNCHED_DESKTOP_FILE_PID=2713, QT_ACCESSIBILITY=1, LC_NUMERIC=de_DE.UTF-8, SSH_AUTH_SOCK=/run/user/1000/keyring/ssh, XDG_SEAT=seat0, NLSPATH=/usr/dt/lib/nls/msg/%L/%N.cat, QT_QPA_PLATFORMTHEME=appmenu-qt5, XDG_VTNR=7, XDG_RUNTIME_DIR=/run/user/1000, HOME=/home/mahsa, GNOME_KEYRING_PID=}
13:58:12.111 [DEBUG] [org.gradle.launcher.daemon.server.exec.LogToClient] About to start relaying all logs to the client via the connection.
13:58:12.112 [INFO] [org.gradle.launcher.daemon.server.exec.LogToClient] The client will now receive all logging from the daemon (pid: 5675). The daemon log file: /home/mahsa/Tu Kl/Compiler/group11/ex1/gradle/daemon/2.12/daemon-5675.out.log
13:58:12.141 [INFO] [org.gradle.launcher.daemon.server.health.DaemonHealthTracker] Starting build in new daemon [memory: 954.7 MB]
13:58:12.143 [INFO] [org.gradle.launcher.daemon.server.exec.ForwardClientInput] Closing daemon's stdin at end of input.
13:58:12.143 [INFO] [org.gradle.launcher.daemon.server.exec.ForwardClientInput] The daemon will no longer process any standard input.
13:58:12.147 [DEBUG] [org.gradle.launcher.daemon.server.exec.ExecuteBuild] The daemon has started executing the build.
13:58:12.148 [INFO] [org.gradle.launcher.daemon.server.exec.ExecuteBuild] Executing build with daemon context: DefaultDaemonContext[uid=d9d0ed2a-b61b-4566-8632-747e82c237a0,javaHome=/usr/lib/jvm/java-8-openjdk-amd64,daemonRegistryDir=/home/mahsa/Tu Kl/Compiler/group11/ex1/gradle/daemon,pid=5675,idleTimeout=60000,daemonOpts=-XX:MaxPermSize=256m,-XX:+HeapDumpOnOutOfMemoryError,-Xmx1024m,-Dfile.encoding=UTF-8,-Duser.country=US,-Duser.language=en,-Duser.variant]
:genAst
:genCupWarning : Terminal "SHORT" was declared but never used
Warning : Terminal "TIMES" was declared but never used
Warning : Terminal "IMPLEMENTS" was declared but never used
Warning : Terminal "SYSTEM" was declared but never used
Warning : Terminal "CONST" was declared but never used
Warning : Terminal "STRICTFP" was declared but never used
Warning : Terminal "SEMI" was declared but never used
Warning : Terminal "ENUM" was declared but never used
Warning : Terminal "CATCH" was declared but never used
Warning : Terminal "COMMA" was declared but never used
Warning : Terminal "RBRACE" was declared but never used
Warning : Terminal "THROW" was declared but never used
Warning : Terminal "RPAREN" was declared but never used
Warning : Terminal "DOUBLE" was declared but never used
Warning : Terminal "LBRACE" was declared but never used
Warning : Terminal "TRANSIENT" was declared but never used
Warning : Terminal "LPAREN" was declared but never used
Warning : Terminal "PROTECTED" was declared but never used
Warning : Terminal "OUT" was declared but never used
Warning : Terminal "FALSE" was declared but never used
Warning : Terminal "FINAL" was declared but never used
Warning : Terminal "FLOAT" was declared but never used
Warning : Terminal "GOTO" was declared but never used
Warning : Terminal "PACKAGE" was declared but never used
Warning : Terminal "EQ" was declared but never used
Warning : Terminal "PRINTLN" was declared but never used
Warning : Terminal "CLASS" was declared but never used
Warning : Terminal "NUMBER" was declared but never used
Warning : Terminal "SUPER" was declared but never used
Warning : Terminal "ABSTRACT" was declared but never used
Warning : Terminal "TRUE" was declared but never used
Warning : Terminal "NATIVE" was declared but never used
Warning : Terminal "PLUS" was declared but never used
Warning : Terminal "LONG" was declared but never used
Warning : Terminal "WHILE" was declared but never used
Warning : Terminal "EXTENDS" was declared but never used
Warning : Terminal "INTERFACE" was declared but never used
Warning : Terminal "CHAR" was declared but never used
Warning : Terminal "BOOLEAN" was declared but never used
Warning : Terminal "SWITCH" was declared but never used
Warning : Terminal "DO" was declared but never used
Warning : Terminal "FOR" was declared but never used
Warning : Terminal "DIV" was declared but never used
Warning : Terminal "VOID" was declared but never used
Warning : Terminal "PUBLIC" was declared but never used
Warning : Terminal "RETURN" was declared but never used
Warning : Terminal "ELSE" was declared but never used
Warning : Terminal "TRY" was declared but never used
Warning : Terminal "BREAK" was declared but never used
Warning : Terminal "DOT" was declared but never used
Warning : Terminal "INT" was declared but never used
Warning : Terminal "LENGTH" was declared but never used
Warning : Terminal "THROWS" was declared but never used
Warning : Terminal "NULL" was declared but never used
Warning : Terminal "THIS" was declared but never used
Warning : Terminal "DEFAULT" was declared but never used
Warning : Terminal "IMPORT" was declared but never used
Warning : Terminal "MINUS" was declared but never used
Warning : Terminal "MAIN" was declared but never used
Warning : Terminal "SYNCHRONIZED" was declared but never used
Warning : Terminal "FINALLY" was declared but never used
Warning : Terminal "CONTINUE" was declared but never used
Warning : Terminal "IF" was declared but never used
Warning : Terminal "INSTANCEOF" was declared but never used
Warning : Terminal "ID" was declared but never used
Warning : Terminal "ASSERT" was declared but never used
Warning : Terminal "INVALID_TOKEN" was declared but never used
Warning : Terminal "RBRACKET" was declared but never used
Warning : Terminal "VOLATILE" was declared but never used
Warning : Terminal "CASE" was declared but never used
Warning : Terminal "NEW" was declared but never used
Warning : Terminal "STRING" was declared but never used
Warning : Terminal "LESS" was declared but never used
Warning : Terminal "BYTE" was declared but never used
Warning : Terminal "AND" was declared but never used
Warning : Terminal "PRIVATE" was declared but never used
Warning : Terminal "STATIC" was declared but never used
Warning : Terminal "LBRACKET" was declared but never used
Warning : Terminal "NEG" was declared but never used
Warning : Terminal "EQUALS" was declared but never used
------- CUP v0.11c 20160501 Parser Generation Summary -------
  0 errors and 80 warnings
  82 terminals, 1 non-terminal, and 2 productions declared, 
  producing 3 unique parse states.
  80 terminals declared but not used.
  0 non-terminals declared but not used.
  0 productions never reduced.
  0 conflicts detected (0 expected).
  Code written to "MiniJavaParser.java", and "MiniJavaParserSym.java".
---------------------------------------------------- (CUP v0.11c 20160501)

:genJflex
Reading "/home/mahsa/Tu Kl/Compiler/Exe2/ex2/src/main/java/frontend/minijava.flex"
Constructing NFA : 507 states in NFA
Converting NFA to DFA : 
...................................................................................................................................................................................................................................................................................................................
309 states before minimization, 300 states in minimized DFA
Writing code to "/home/mahsa/Tu Kl/Compiler/Exe2/ex2/src-generated/minijava/syntax/Lexer.java"
:gen
:compileJavaNote: Some input files use or override a deprecated API.
Note: Recompile with -Xlint:deprecation for details.

:processResources UP-TO-DATE
:classes

BUILD SUCCESSFUL

Total time: 18.728 secs
13:58:27.651 [DEBUG] [org.gradle.cache.internal.btree.BTreePersistentIndexedCache] Closing cache fileSnapshots.bin (/home/mahsa/Tu Kl/Compiler/Exe2/ex2/.gradle/2.12/taskArtifacts/fileSnapshots.bin)
13:58:27.652 [DEBUG] [org.gradle.cache.internal.btree.BTreePersistentIndexedCache] Closing cache outputFileStates.bin (/home/mahsa/Tu Kl/Compiler/Exe2/ex2/.gradle/2.12/taskArtifacts/outputFileStates.bin)
13:58:27.652 [DEBUG] [org.gradle.cache.internal.btree.BTreePersistentIndexedCache] Closing cache fileHashes.bin (/home/mahsa/Tu Kl/Compiler/Exe2/ex2/.gradle/2.12/taskArtifacts/fileHashes.bin)
13:58:27.652 [DEBUG] [org.gradle.cache.internal.btree.BTreePersistentIndexedCache] Closing cache taskArtifacts.bin (/home/mahsa/Tu Kl/Compiler/Exe2/ex2/.gradle/2.12/taskArtifacts/taskArtifacts.bin)
13:58:27.653 [DEBUG] [org.gradle.cache.internal.DefaultFileLockManager] Releasing lock on task history cache (/home/mahsa/Tu Kl/Compiler/Exe2/ex2/.gradle/2.12/taskArtifacts).
13:58:27.654 [DEBUG] [org.gradle.cache.internal.DefaultFileLockManager] Releasing lock on cp_proj class cache for build file '/home/mahsa/Tu Kl/Compiler/Exe2/ex2/build.gradle' (/home/mahsa/Tu Kl/Compiler/group11/ex1/gradle/caches/2.12/scripts/build_8bni4ajs55j1aqsaomu8h51xi/cp_proj).
13:58:27.654 [DEBUG] [org.gradle.cache.internal.DefaultFileLockManager] Releasing lock on proj class cache for build file '/home/mahsa/Tu Kl/Compiler/Exe2/ex2/build.gradle' (/home/mahsa/Tu Kl/Compiler/group11/ex1/gradle/caches/2.12/scripts/build_8bni4ajs55j1aqsaomu8h51xi/proj).
13:58:27.655 [DEBUG] [org.gradle.cache.internal.DefaultCacheAccess] Cache jars (/home/mahsa/Tu Kl/Compiler/group11/ex1/gradle/caches/jars-1) was closed 0 times.
13:58:27.656 [DEBUG] [org.gradle.api.internal.artifacts.ivyservice.resolveengine.store.CachedStoreFactory] Resolution result cache closed. Cache reads: 0, disk reads: 0 (avg: 0.0 secs, total: 0.0 secs)
13:58:27.657 [DEBUG] [org.gradle.api.internal.artifacts.ivyservice.resolveengine.store.CachedStoreFactory] Resolution result cache closed. Cache reads: 0, disk reads: 0 (avg: 0.0 secs, total: 0.0 secs)
13:58:27.657 [DEBUG] [org.gradle.api.internal.artifacts.ivyservice.resolveengine.store.ResolutionResultsStoreFactory] Deleted 2 resolution results binary files in 0.002 secs
13:58:27.658 [DEBUG] [org.gradle.api.internal.artifacts.ivyservice.ivyresolve.memcache.InMemoryCachedRepositoryFactory] In-memory dependency metadata cache closed. Repos cached: 2, cache instances: 1, modules served from cache: 8, artifacts: 8
13:58:27.658 [DEBUG] [org.gradle.cache.internal.btree.BTreePersistentIndexedCache] Closing cache module-metadata.bin (/home/mahsa/Tu Kl/Compiler/group11/ex1/gradle/caches/modules-2/metadata-2.16/module-metadata.bin)
13:58:27.659 [DEBUG] [org.gradle.cache.internal.btree.BTreePersistentIndexedCache] Closing cache artifact-at-repository.bin (/home/mahsa/Tu Kl/Compiler/group11/ex1/gradle/caches/modules-2/metadata-2.16/artifact-at-repository.bin)
13:58:27.659 [DEBUG] [org.gradle.cache.internal.DefaultFileLockManager] Releasing lock on artifact cache (/home/mahsa/Tu Kl/Compiler/group11/ex1/gradle/caches/modules-2).
13:58:27.660 [DEBUG] [org.gradle.cache.internal.DefaultCacheAccess] Cache Plugin Resolution Cache (/home/mahsa/Tu Kl/Compiler/group11/ex1/gradle/caches/2.12/plugin-resolution) was closed 0 times.
13:58:27.661 [DEBUG] [org.gradle.api.internal.tasks.compile.daemon.CompilerDaemonManager] Stopping 0 compiler daemon(s).
13:58:27.661 [INFO] [org.gradle.api.internal.tasks.compile.daemon.CompilerDaemonManager] Stopped 0 compiler daemon(s).
13:58:27.662 [DEBUG] [org.gradle.launcher.daemon.server.exec.ExecuteBuild] The daemon has finished executing the build.
13:58:28.365 [DEBUG] [org.gradle.launcher.daemon.server.DaemonStateCoordinator] Daemon is busy, sleeping until state changes.
13:58:28.368 [DEBUG] [org.gradle.launcher.daemon.server.DaemonStateCoordinator] Command execution: finished waiting for DaemonCommandExecution[command = Build{id=f7aea5db-03c1-456e-8954-7fe399992a0f.1, currentDir=/home/mahsa/Tu Kl/Compiler/Exe2/ex2}, connection = org.gradle.launcher.daemon.server.DefaultDaemonConnection@117178a]. Result org.gradle.launcher.daemon.server.DaemonStateCoordinator@61004bad with state Running
13:58:28.369 [DEBUG] [org.gradle.launcher.daemon.server.DaemonStateCoordinator] Command execution: completed DaemonCommandExecution[command = Build{id=f7aea5db-03c1-456e-8954-7fe399992a0f.1, currentDir=/home/mahsa/Tu Kl/Compiler/Exe2/ex2}, connection = org.gradle.launcher.daemon.server.DefaultDaemonConnection@117178a]
13:58:28.369 [DEBUG] [org.gradle.launcher.daemon.server.DaemonStateCoordinator] updating lastActivityAt to 1493726308369
13:58:28.371 [INFO] [org.gradle.launcher.daemon.server.DomainRegistryUpdater] Marking the daemon as idle, address: [f77bc43a-bc51-459b-9d96-ae46a6469403 port:36368, addresses:[/0:0:0:0:0:0:0:1%lo, /127.0.0.1]]
13:58:28.371 [DEBUG] [org.gradle.launcher.daemon.registry.PersistentDaemonRegistry] Marking idle by address: [f77bc43a-bc51-459b-9d96-ae46a6469403 port:36368, addresses:[/0:0:0:0:0:0:0:1%lo, /127.0.0.1]]
13:58:28.373 [DEBUG] [org.gradle.cache.internal.DefaultFileLockManager] Waiting to acquire exclusive lock on daemon addresses registry.
13:58:28.374 [DEBUG] [org.gradle.cache.internal.DefaultFileLockManager] Lock acquired.
13:58:28.378 [DEBUG] [org.gradle.cache.internal.DefaultFileLockManager] Releasing lock on daemon addresses registry.
13:58:28.379 [DEBUG] [org.gradle.launcher.daemon.server.DaemonStateCoordinator] Daemon is idle, sleeping until state change or idle timeout at Tue May 02 13:59:28 CEST 2017
13:58:28.380 [DEBUG] [org.gradle.launcher.daemon.server.exec.ReturnResult] Daemon is dispatching the build result: Success[value=org.gradle.tooling.internal.provider.BuildActionResult@5a7c7128]
13:58:28.381 [DEBUG] [org.gradle.launcher.daemon.server.SynchronizedDispatchConnection] thread 13: dispatching class org.gradle.launcher.daemon.protocol.Success
13:58:28.388 [DEBUG] [org.gradle.launcher.daemon.server.DefaultIncomingConnectionHandler] Finishing executing command: Build{id=f7aea5db-03c1-456e-8954-7fe399992a0f.1, currentDir=/home/mahsa/Tu Kl/Compiler/Exe2/ex2}
13:58:28.391 [DEBUG] [org.gradle.launcher.daemon.server.SynchronizedDispatchConnection] thread 14: received class org.gradle.launcher.daemon.protocol.Finished
13:58:28.392 [DEBUG] [org.gradle.launcher.daemon.server.DefaultDaemonConnection] Received non-IO message from client: org.gradle.launcher.daemon.protocol.Finished@4755da21
13:58:28.393 [DEBUG] [org.gradle.messaging.remote.internal.inet.SocketConnection] Discarding EOFException: java.io.EOFException
13:58:28.393 [DEBUG] [org.gradle.launcher.daemon.server.SynchronizedDispatchConnection] thread 14: received null
13:58:28.394 [DEBUG] [org.gradle.launcher.daemon.server.DefaultDaemonConnection] Received end-of-input from client.
13:58:28.396 [DEBUG] [org.gradle.launcher.daemon.server.DefaultIncomingConnectionHandler] Received finished message: null
13:58:28.397 [DEBUG] [org.gradle.launcher.daemon.server.SynchronizedDispatchConnection] thread 13: stopping connection
13:58:28.398 [DEBUG] [org.gradle.launcher.daemon.server.SynchronizedDispatchConnection] thread 13: stopping connection
13:58:54.012 [DEBUG] [org.gradle.messaging.remote.internal.inet.TcpIncomingConnector] Accepted connection from /127.0.0.1:58708 to /127.0.0.1:36368.
13:58:54.033 [DEBUG] [org.gradle.launcher.daemon.server.SynchronizedDispatchConnection] thread 36: received class org.gradle.launcher.daemon.protocol.Build
13:58:54.034 [DEBUG] [org.gradle.launcher.daemon.server.DefaultDaemonConnection] Received non-IO message from client: Build{id=428b8593-cb20-4f98-88a1-86282a208488.1, currentDir=/home/mahsa/Tu Kl/Compiler/Exe2/ex2}
13:58:54.034 [INFO] [org.gradle.launcher.daemon.server.DefaultIncomingConnectionHandler] Received command: Build{id=428b8593-cb20-4f98-88a1-86282a208488.1, currentDir=/home/mahsa/Tu Kl/Compiler/Exe2/ex2}.
13:58:54.035 [DEBUG] [org.gradle.launcher.daemon.server.DefaultIncomingConnectionHandler] Starting executing command: Build{id=428b8593-cb20-4f98-88a1-86282a208488.1, currentDir=/home/mahsa/Tu Kl/Compiler/Exe2/ex2} with connection: socket connection from /127.0.0.1:36368 to /127.0.0.1:58708.
13:58:54.036 [DEBUG] [org.gradle.launcher.daemon.server.DaemonStateCoordinator] Command execution: started DaemonCommandExecution[command = Build{id=428b8593-cb20-4f98-88a1-86282a208488.1, currentDir=/home/mahsa/Tu Kl/Compiler/Exe2/ex2}, connection = org.gradle.launcher.daemon.server.DefaultDaemonConnection@46ff9ca] after 0.0 minutes of idle
13:58:54.036 [INFO] [org.gradle.launcher.daemon.server.DomainRegistryUpdater] Marking the daemon as busy, address: [f77bc43a-bc51-459b-9d96-ae46a6469403 port:36368, addresses:[/0:0:0:0:0:0:0:1%lo, /127.0.0.1]]
13:58:54.037 [DEBUG] [org.gradle.launcher.daemon.registry.PersistentDaemonRegistry] Marking busy by address: [f77bc43a-bc51-459b-9d96-ae46a6469403 port:36368, addresses:[/0:0:0:0:0:0:0:1%lo, /127.0.0.1]]
13:58:54.037 [DEBUG] [org.gradle.cache.internal.DefaultFileLockManager] Waiting to acquire exclusive lock on daemon addresses registry.
13:58:54.038 [DEBUG] [org.gradle.cache.internal.DefaultFileLockManager] Lock acquired.
13:58:54.042 [DEBUG] [org.gradle.cache.internal.DefaultFileLockManager] Releasing lock on daemon addresses registry.
13:58:54.042 [DEBUG] [org.gradle.launcher.daemon.server.DaemonStateCoordinator] updating lastActivityAt to 1493726334042
13:58:54.043 [DEBUG] [org.gradle.launcher.daemon.server.DaemonStateCoordinator] Daemon is busy, sleeping until state changes.
13:58:54.043 [INFO] [org.gradle.launcher.daemon.server.exec.StartBuildOrRespondWithBusy] Daemon is about to start building Build{id=428b8593-cb20-4f98-88a1-86282a208488.1, currentDir=/home/mahsa/Tu Kl/Compiler/Exe2/ex2}. Dispatching build started information...
13:58:54.044 [DEBUG] [org.gradle.launcher.daemon.server.SynchronizedDispatchConnection] thread 16: dispatching class org.gradle.launcher.daemon.protocol.BuildStarted
13:58:54.045 [DEBUG] [org.gradle.launcher.daemon.server.exec.EstablishBuildEnvironment] Configuring env variables: {PATH=/usr/local/gradle/bin:/usr/local/sbin:/usr/local/bin:/usr/sbin:/usr/bin:/sbin:/bin:/usr/games:/usr/local/games:/snap/bin:/home/mahsa/.rvm/bin, LC_MEASUREMENT=de_DE.UTF-8, XAUTHORITY=/home/mahsa/.Xauthority, XMODIFIERS=@im=ibus, LC_TELEPHONE=de_DE.UTF-8, XDG_DATA_DIRS=/usr/share/ubuntu:/usr/share/gnome:/usr/local/share/:/usr/share/:/var/lib/snapd/desktop, GDMSESSION=ubuntu, MANDATORY_PATH=/usr/share/gconf/ubuntu.mandatory.path, LC_TIME=de_DE.UTF-8, GTK_IM_MODULE=ibus, DBUS_SESSION_BUS_ADDRESS=unix:abstract=/tmp/dbus-u5H2rBLE34, DEFAULTS_PATH=/usr/share/gconf/ubuntu.default.path, XDG_CURRENT_DESKTOP=Unity, LD_LIBRARY_PATH=/home/mahsa/Downloads/idea-IC-171.4073.35/bin:, UPSTART_SESSION=unix:abstract=/com/ubuntu/upstart-session/1000/1756, QT4_IM_MODULE=xim, LC_PAPER=de_DE.UTF-8, SESSION_MANAGER=local/mahsa-VPCEA15FG:@/tmp/.ICE-unix/1995,unix/mahsa-VPCEA15FG:/tmp/.ICE-unix/1995, QT_LINUX_ACCESSIBILITY_ALWAYS_ON=1, LOGNAME=mahsa, JOB=unity-settings-daemon, PWD=/home/mahsa, IM_CONFIG_PHASE=1, LANGUAGE=en_US, SHELL=/bin/bash, LC_ADDRESS=de_DE.UTF-8, GIO_LAUNCHED_DESKTOP_FILE=/usr/share/applications/jetbrains-idea-ce.desktop, GTK2_MODULES=overlay-scrollbar, INSTANCE=, GNOME_DESKTOP_SESSION_ID=this-is-deprecated, UPSTART_INSTANCE=, GTK_MODULES=gail:atk-bridge:unity-gtk-module, CLUTTER_IM_MODULE=xim, XDG_SESSION_PATH=/org/freedesktop/DisplayManager/Session0, COMPIZ_BIN_PATH=/usr/bin/, SESSIONTYPE=gnome-session, XDG_SESSION_DESKTOP=ubuntu, SHLVL=0, LC_IDENTIFICATION=de_DE.UTF-8, LC_MONETARY=de_DE.UTF-8, COMPIZ_CONFIG_PROFILE=ubuntu, QT_IM_MODULE=ibus, UPSTART_JOB=unity7, XFILESEARCHPATH=/usr/dt/app-defaults/%L/Dt, XDG_CONFIG_DIRS=/etc/xdg/xdg-ubuntu:/usr/share/upstart/xdg:/etc/xdg, LANG=en_US.UTF-8, GNOME_KEYRING_CONTROL=, XDG_SEAT_PATH=/org/freedesktop/DisplayManager/Seat0, XDG_SESSION_ID=c2, XDG_SESSION_TYPE=x11, GRADLE_HOME=/usr/local/gradle, DISPLAY=:0, LC_NAME=de_DE.UTF-8, GDM_LANG=en_US, XDG_GREETER_DATA_DIR=/var/lib/lightdm-data/mahsa, UPSTART_EVENTS=xsession started, GPG_AGENT_INFO=/home/mahsa/.gnupg/S.gpg-agent:0:1, DESKTOP_SESSION=ubuntu, SESSION=ubuntu, USER=mahsa, XDG_MENU_PREFIX=gnome-, GIO_LAUNCHED_DESKTOP_FILE_PID=2713, QT_ACCESSIBILITY=1, LC_NUMERIC=de_DE.UTF-8, SSH_AUTH_SOCK=/run/user/1000/keyring/ssh, XDG_SEAT=seat0, NLSPATH=/usr/dt/lib/nls/msg/%L/%N.cat, QT_QPA_PLATFORMTHEME=appmenu-qt5, XDG_VTNR=7, XDG_RUNTIME_DIR=/run/user/1000, HOME=/home/mahsa, GNOME_KEYRING_PID=}
13:58:54.053 [DEBUG] [org.gradle.launcher.daemon.server.exec.LogToClient] About to start relaying all logs to the client via the connection.
13:58:54.053 [INFO] [org.gradle.launcher.daemon.server.exec.LogToClient] The client will now receive all logging from the daemon (pid: 5675). The daemon log file: /home/mahsa/Tu Kl/Compiler/group11/ex1/gradle/daemon/2.12/daemon-5675.out.log
13:58:54.054 [INFO] [org.gradle.launcher.daemon.server.health.DaemonHealthTracker] Starting 2nd build in daemon [uptime: 43.117 secs, performance: 97%, memory: 16% of 954.7 MB]
13:58:54.064 [DEBUG] [org.gradle.launcher.daemon.server.exec.ExecuteBuild] The daemon has started executing the build.
13:58:54.065 [INFO] [org.gradle.launcher.daemon.server.exec.ExecuteBuild] Executing build with daemon context: DefaultDaemonContext[uid=d9d0ed2a-b61b-4566-8632-747e82c237a0,javaHome=/usr/lib/jvm/java-8-openjdk-amd64,daemonRegistryDir=/home/mahsa/Tu Kl/Compiler/group11/ex1/gradle/daemon,pid=5675,idleTimeout=60000,daemonOpts=-XX:MaxPermSize=256m,-XX:+HeapDumpOnOutOfMemoryError,-Xmx1024m,-Dfile.encoding=UTF-8,-Duser.country=US,-Duser.language=en,-Duser.variant]
13:58:54.066 [DEBUG] [org.gradle.launcher.daemon.server.SynchronizedDispatchConnection] thread 36: received class org.gradle.launcher.daemon.protocol.CloseInput
13:58:54.066 [DEBUG] [org.gradle.launcher.daemon.server.DefaultDaemonConnection] Received IO message from client: org.gradle.launcher.daemon.protocol.CloseInput@2ac36472
13:58:54.068 [INFO] [org.gradle.launcher.daemon.server.exec.ForwardClientInput] Closing daemon's stdin at end of input.
13:58:54.069 [INFO] [org.gradle.launcher.daemon.server.exec.ForwardClientInput] The daemon will no longer process any standard input.
:genAst UP-TO-DATE
:genCup UP-TO-DATE
:genJflex UP-TO-DATE
:gen UP-TO-DATE
:compileJava UP-TO-DATE
:processResources UP-TO-DATE
:classes UP-TO-DATE
:jar
:assemble
:compileTestJava
:processTestResources UP-TO-DATE
:testClasses
:test

minijava.parser.FileParsingTest > testParser[testdata/parser/ok/ConstructoCall.java] FAILED
    java.lang.AssertionError at FileParsingTest.java:66

minijava.parser.FileParsingTest > testParser[testdata/parser/ok/WhileTrue.java] FAILED
    java.lang.AssertionError at FileParsingTest.java:66

minijava.parser.FileParsingTest > testParser[testdata/parser/ok/NewtonOO.java] FAILED
    java.lang.AssertionError at FileParsingTest.java:66

minijava.parser.FileParsingTest > testParser[testdata/parser/ok/TPOK_Addition.java] FAILED
    java.lang.AssertionError at FileParsingTest.java:66

minijava.parser.FileParsingTest > testParser[testdata/parser/ok/MDeclTest.java] FAILED
    java.lang.AssertionError at FileParsingTest.java:66

minijava.parser.FileParsingTest > testParser[testdata/parser/ok/TPOK_Negate.java] FAILED
    java.lang.AssertionError at FileParsingTest.java:66

minijava.parser.FileParsingTest > testParser[testdata/parser/ok/testPEverything.java] FAILED
    java.lang.AssertionError at FileParsingTest.java:66

minijava.parser.FileParsingTest > testParser[testdata/parser/ok/LinearSearch.java] FAILED
    java.lang.AssertionError at FileParsingTest.java:66

minijava.parser.FileParsingTest > testParser[testdata/parser/ok/Arrays2.java] FAILED
    java.lang.AssertionError at FileParsingTest.java:66

minijava.parser.FileParsingTest > testParser[testdata/parser/ok/TPOK_Inheritance2.java] FAILED
    java.lang.AssertionError at FileParsingTest.java:66

minijava.parser.FileParsingTest > testParser[testdata/parser/ok/TPOK_ArrayAlloc2.java] FAILED
    java.lang.AssertionError at FileParsingTest.java:66

minijava.parser.FileParsingTest > testParser[testdata/parser/ok/PrintConst.java] FAILED
    java.lang.AssertionError at FileParsingTest.java:66

minijava.parser.FileParsingTest > testParser[testdata/parser/ok/GameOfLife10.java] FAILED
    java.lang.AssertionError at FileParsingTest.java:66

minijava.parser.FileParsingTest > testParser[testdata/parser/ok/ThisTest.java] FAILED
    java.lang.AssertionError at FileParsingTest.java:66

minijava.parser.FileParsingTest > testParser[testdata/parser/ok/ManyArgs.java] FAILED
    java.lang.AssertionError at FileParsingTest.java:66

minijava.parser.FileParsingTest > testParser[testdata/parser/ok/TPF_ArrayAlloc .java] FAILED
    java.lang.AssertionError at FileParsingTest.java:66

minijava.parser.FileParsingTest > testParser[testdata/parser/ok/Primes.java] FAILED
    java.lang.AssertionError at FileParsingTest.java:66

minijava.parser.FileParsingTest > testParser[testdata/parser/ok/TPOK_While2.java] FAILED
    java.lang.AssertionError at FileParsingTest.java:66

minijava.parser.FileParsingTest > testParser[testdata/parser/ok/VarTest.java] FAILED
    java.lang.AssertionError at FileParsingTest.java:66

minijava.parser.FileParsingTest > testParser[testdata/parser/ok/6-MaxArray.java] FAILED
    java.lang.AssertionError at FileParsingTest.java:66

minijava.parser.FileParsingTest > testParser[testdata/parser/ok/PrecedenceTest3.java] FAILED
    java.lang.AssertionError at FileParsingTest.java:66

minijava.parser.FileParsingTest > testParser[testdata/parser/ok/IdentifierTest.java] FAILED
    java.lang.AssertionError at FileParsingTest.java:66

minijava.parser.FileParsingTest > testParser[testdata/parser/ok/TPF_ArrayLookUninst.java] FAILED
    java.lang.AssertionError at FileParsingTest.java:66

minijava.parser.FileParsingTest > testParser[testdata/parser/ok/ThisOne.java] FAILED
    java.lang.AssertionError at FileParsingTest.java:66

minijava.parser.FileParsingTest > testParser[testdata/parser/ok/Stck.java] FAILED
    java.lang.AssertionError at FileParsingTest.java:66

minijava.parser.FileParsingTest > testParser[testdata/parser/ok/TPOK_ClassDecl.java] FAILED
    java.lang.AssertionError at FileParsingTest.java:66

minijava.parser.FileParsingTest > testParser[testdata/parser/ok/IfTrue.java] FAILED
    java.lang.AssertionError at FileParsingTest.java:66

minijava.parser.FileParsingTest > testParser[testdata/parser/ok/ArrayErrorReadPastEnd.java] FAILED
    java.lang.AssertionError at FileParsingTest.java:66

minijava.parser.FileParsingTest > testParser[testdata/parser/ok/TestX.java] FAILED
    java.lang.AssertionError at FileParsingTest.java:66

minijava.parser.FileParsingTest > testParser[testdata/parser/ok/Fib.java] FAILED
    java.lang.AssertionError at FileParsingTest.java:66

minijava.parser.FileParsingTest > testParser[testdata/parser/ok/ArrayOk.java] FAILED
    java.lang.AssertionError at FileParsingTest.java:66

minijava.parser.FileParsingTest > testParser[testdata/parser/ok/TPF_ArrayLookPos.java] FAILED
    java.lang.AssertionError at FileParsingTest.java:66

minijava.parser.FileParsingTest > testParser[testdata/parser/ok/MethodTest.java] FAILED
    java.lang.AssertionError at FileParsingTest.java:66

minijava.parser.FileParsingTest > testParser[testdata/parser/ok/VarDeclTest.java] FAILED
    java.lang.AssertionError at FileParsingTest.java:66

minijava.parser.FileParsingTest > testParser[testdata/parser/ok/InstanceMethodCall.java] FAILED
    java.lang.AssertionError at FileParsingTest.java:66

minijava.parser.FileParsingTest > testParser[testdata/parser/ok/WhileFalseVar.java] FAILED
    java.lang.AssertionError at FileParsingTest.java:66

minijava.parser.FileParsingTest > testParser[testdata/parser/ok/ArrayErrorAllocNegative.java] FAILED
    java.lang.AssertionError at FileParsingTest.java:66

minijava.parser.FileParsingTest > testParser[testdata/parser/ok/NewTest2.java] FAILED
    java.lang.AssertionError at FileParsingTest.java:66

minijava.parser.FileParsingTest > testParser[testdata/parser/ok/TPOK_ArrayDirect.java] FAILED
    java.lang.AssertionError at FileParsingTest.java:66

minijava.parser.FileParsingTest > testParser[testdata/parser/ok/BasicTest.java] FAILED
    java.lang.AssertionError at FileParsingTest.java:66

minijava.parser.FileParsingTest > testParser[testdata/parser/ok/AndExpression.java] FAILED
    java.lang.AssertionError at FileParsingTest.java:66

minijava.parser.FileParsingTest > testParser[testdata/parser/ok/ArrayAccess2.java] FAILED
    java.lang.AssertionError at FileParsingTest.java:66

minijava.parser.FileParsingTest > testParser[testdata/parser/ok/TPOK_MethodCall2.java] FAILED
    java.lang.AssertionError at FileParsingTest.java:66

minijava.parser.FileParsingTest > testParser[testdata/parser/ok/ArrayOkSize0.java] FAILED
    java.lang.AssertionError at FileParsingTest.java:66

minijava.parser.FileParsingTest > testParser[testdata/parser/ok/If.java] FAILED
    java.lang.AssertionError at FileParsingTest.java:66

minijava.parser.FileParsingTest > testParser[testdata/parser/ok/TPOK_While.java] FAILED
    java.lang.AssertionError at FileParsingTest.java:66

minijava.parser.FileParsingTest > testParser[testdata/parser/ok/This.java] FAILED
    java.lang.AssertionError at FileParsingTest.java:66

minijava.parser.FileParsingTest > testParser[testdata/parser/ok/ClassTest.java] FAILED
    java.lang.AssertionError at FileParsingTest.java:66

minijava.parser.FileParsingTest > testParser[testdata/parser/ok/ParamTest2.java] FAILED
    java.lang.AssertionError at FileParsingTest.java:66

minijava.parser.FileParsingTest > testParser[testdata/parser/ok/5-OutOfBounds.java] FAILED
    java.lang.AssertionError at FileParsingTest.java:66

minijava.parser.FileParsingTest > testParser[testdata/parser/ok/ArrayErrorReadPastBeginning.java] FAILED
    java.lang.AssertionError at FileParsingTest.java:66

minijava.parser.FileParsingTest > testParser[testdata/parser/ok/1-PrintLiteral.java] FAILED
    java.lang.AssertionError at FileParsingTest.java:66

minijava.parser.FileParsingTest > testParser[testdata/parser/ok/TPF_ArrayLookNeg.java] FAILED
    java.lang.AssertionError at FileParsingTest.java:66

minijava.parser.FileParsingTest > testParser[testdata/parser/ok/TPOK_MethodDecl.java] FAILED
    java.lang.AssertionError at FileParsingTest.java:66

minijava.parser.FileParsingTest > testParser[testdata/parser/ok/IfAnd.java] FAILED
    java.lang.AssertionError at FileParsingTest.java:66

minijava.parser.FileParsingTest > testParser[testdata/parser/ok/Factorial.java] FAILED
    java.lang.AssertionError at FileParsingTest.java:66

minijava.parser.FileParsingTest > testParser[testdata/parser/ok/Shapes.java] FAILED
    java.lang.AssertionError at FileParsingTest.java:66

minijava.parser.FileParsingTest > testParser[testdata/parser/ok/ExtendsTest.java] FAILED
    java.lang.AssertionError at FileParsingTest.java:66

minijava.parser.FileParsingTest > testParser[testdata/parser/ok/TPF_ArrayStoreNeg.java] FAILED
    java.lang.AssertionError at FileParsingTest.java:66

minijava.parser.FileParsingTest > testParser[testdata/parser/ok/MainTest2.java] FAILED
    java.lang.AssertionError at FileParsingTest.java:66

minijava.parser.FileParsingTest > testParser[testdata/parser/ok/Graph.java] FAILED
    java.lang.AssertionError at FileParsingTest.java:66

minijava.parser.FileParsingTest > testParser[testdata/parser/ok/QuickSortOO.java] FAILED
    java.lang.AssertionError at FileParsingTest.java:66

minijava.parser.FileParsingTest > testParser[testdata/parser/ok/WhileAnd.java] FAILED
    java.lang.AssertionError at FileParsingTest.java:66

minijava.parser.FileParsingTest > testParser[testdata/parser/ok/TPOK_MethodCall.java] FAILED
    java.lang.AssertionError at FileParsingTest.java:66

minijava.parser.FileParsingTest > testParser[testdata/parser/ok/ClassPrint.java] FAILED
    java.lang.AssertionError at FileParsingTest.java:66

minijava.parser.FileParsingTest > testParser[testdata/parser/ok/TrivialClass.java] FAILED
    java.lang.AssertionError at FileParsingTest.java:66

minijava.parser.FileParsingTest > testParser[testdata/parser/ok/TPOK_ClassInstantiate.java] FAILED
    java.lang.AssertionError at FileParsingTest.java:66

minijava.parser.FileParsingTest > testParser[testdata/parser/ok/TPOK_Autput.java] FAILED
    java.lang.AssertionError at FileParsingTest.java:66

minijava.parser.FileParsingTest > testParser[testdata/parser/ok/PrintTest.java] FAILED
    java.lang.AssertionError at FileParsingTest.java:66

minijava.parser.FileParsingTest > testParser[testdata/parser/ok/UninitializedFields.java] FAILED
    java.lang.AssertionError at FileParsingTest.java:66

minijava.parser.FileParsingTest > testParser[testdata/parser/ok/Scope2.java] FAILED
    java.lang.AssertionError at FileParsingTest.java:66

minijava.parser.FileParsingTest > testParser[testdata/parser/ok/TPOK_Not.java] FAILED
    java.lang.AssertionError at FileParsingTest.java:66

minijava.parser.FileParsingTest > testParser[testdata/parser/ok/TPOK_EmptyProgram.java] FAILED
    java.lang.AssertionError at FileParsingTest.java:66

minijava.parser.FileParsingTest > testParser[testdata/parser/ok/BlockComments1.java] FAILED
    java.lang.AssertionError at FileParsingTest.java:66

minijava.parser.FileParsingTest > testParser[testdata/parser/ok/Example3.java] FAILED
    java.lang.AssertionError at FileParsingTest.java:66

minijava.parser.FileParsingTest > testParser[testdata/parser/ok/AndTest.java] FAILED
    java.lang.AssertionError at FileParsingTest.java:66

minijava.parser.FileParsingTest > testParser[testdata/parser/ok/TPOK_substraction.java] FAILED
    java.lang.AssertionError at FileParsingTest.java:66

minijava.parser.FileParsingTest > testParser[testdata/parser/ok/TPOK_Boolean.java] FAILED
    java.lang.AssertionError at FileParsingTest.java:66

minijava.parser.FileParsingTest > testParser[testdata/parser/ok/PrecedenceTest4.java] FAILED
    java.lang.AssertionError at FileParsingTest.java:66

minijava.parser.FileParsingTest > testParser[testdata/parser/ok/ParamTest3.java] FAILED
    java.lang.AssertionError at FileParsingTest.java:66

minijava.parser.FileParsingTest > testParser[testdata/parser/ok/OverrideTest3.java] FAILED
    java.lang.AssertionError at FileParsingTest.java:66

minijava.parser.FileParsingTest > testParser[testdata/parser/ok/Sum.java] FAILED
    java.lang.AssertionError at FileParsingTest.java:66

minijava.parser.FileParsingTest > testParser[testdata/parser/ok/OverrideTest.java] FAILED
    java.lang.AssertionError at FileParsingTest.java:66

minijava.parser.FileParsingTest > testParser[testdata/parser/ok/ArrayTest.java] FAILED
    java.lang.AssertionError at FileParsingTest.java:66

minijava.parser.FileParsingTest > testParser[testdata/parser/ok/ArrayErrorWritePastEnd.java] FAILED
    java.lang.AssertionError at FileParsingTest.java:66

minijava.parser.FileParsingTest > testParser[testdata/parser/ok/EulerOO.java] FAILED
    java.lang.AssertionError at FileParsingTest.java:66

minijava.parser.FileParsingTest > testParser[testdata/parser/ok/Effects.java] FAILED
    java.lang.AssertionError at FileParsingTest.java:66

minijava.parser.FileParsingTest > testParser[testdata/parser/ok/TPF_ArrayLoadNeg.java] FAILED
    java.lang.AssertionError at FileParsingTest.java:66

minijava.parser.FileParsingTest > testParser[testdata/parser/ok/TPOK_ArrayAllocStore.java] FAILED
    java.lang.AssertionError at FileParsingTest.java:66

minijava.parser.FileParsingTest > testParser[testdata/parser/ok/4-Vars.java] FAILED
    java.lang.AssertionError at FileParsingTest.java:66

minijava.parser.FileParsingTest > testParser[testdata/parser/ok/FieldAccessTest.java] FAILED
    java.lang.AssertionError at FileParsingTest.java:66

minijava.parser.FileParsingTest > testParser[testdata/parser/ok/BasicArithmetic.java] FAILED
    java.lang.AssertionError at FileParsingTest.java:66

minijava.parser.FileParsingTest > testParser[testdata/parser/ok/MoreThan4.java] FAILED
    java.lang.AssertionError at FileParsingTest.java:66

minijava.parser.FileParsingTest > testParser[testdata/parser/ok/Newton.java] FAILED
    java.lang.AssertionError at FileParsingTest.java:66

minijava.parser.FileParsingTest > testParser[testdata/parser/ok/TreeVisitor.java] FAILED
    java.lang.AssertionError at FileParsingTest.java:66

minijava.parser.FileParsingTest > testParser[testdata/parser/ok/MethodTest5.java] FAILED
    java.lang.AssertionError at FileParsingTest.java:66

minijava.parser.FileParsingTest > testParser[testdata/parser/ok/ParamTest.java] FAILED
    java.lang.AssertionError at FileParsingTest.java:66

minijava.parser.FileParsingTest > testParser[testdata/parser/ok/BinaryTree.java] FAILED
    java.lang.AssertionError at FileParsingTest.java:66

minijava.parser.FileParsingTest > testParser[testdata/parser/ok/TestEq.java] FAILED
    java.lang.AssertionError at FileParsingTest.java:66

minijava.parser.FileParsingTest > testParser[testdata/parser/ok/BubbleSort.java] FAILED
    java.lang.AssertionError at FileParsingTest.java:66

minijava.parser.FileParsingTest > testParser[testdata/parser/ok/IfFalse.java] FAILED
    java.lang.AssertionError at FileParsingTest.java:66

minijava.parser.FileParsingTest > testParser[testdata/parser/ok/WhileVar.java] FAILED
    java.lang.AssertionError at FileParsingTest.java:66

minijava.parser.FileParsingTest > testParser[testdata/parser/ok/MainTest3.java] FAILED
    java.lang.AssertionError at FileParsingTest.java:66

minijava.parser.FileParsingTest > testParser[testdata/parser/ok/OperatorTest.java] FAILED
    java.lang.AssertionError at FileParsingTest.java:66

minijava.parser.FileParsingTest > testParser[testdata/parser/ok/Wurst.java] FAILED
    java.lang.AssertionError at FileParsingTest.java:66

minijava.parser.FileParsingTest > testParser[testdata/parser/ok/MethodTest3.java] FAILED
    java.lang.AssertionError at FileParsingTest.java:66

minijava.parser.FileParsingTest > testParser[testdata/parser/ok/VarTest2.java] FAILED
    java.lang.AssertionError at FileParsingTest.java:66

minijava.parser.FileParsingTest > testParser[testdata/parser/ok/While.java] FAILED
    java.lang.AssertionError at FileParsingTest.java:66

minijava.parser.FileParsingTest > testParser[testdata/parser/ok/MinimalProgram.java] FAILED
    java.lang.AssertionError at FileParsingTest.java:66

minijava.parser.FileParsingTest > testParser[testdata/parser/ok/MethodDeclTest.java] FAILED
    java.lang.AssertionError at FileParsingTest.java:66

minijava.parser.FileParsingTest > testParser[testdata/parser/ok/NewTest.java] FAILED
    java.lang.AssertionError at FileParsingTest.java:66

minijava.parser.FileParsingTest > testParser[testdata/parser/ok/FibL.java] FAILED
    java.lang.AssertionError at FileParsingTest.java:66

minijava.parser.FileParsingTest > testParser[testdata/parser/ok/OperatorChainingTest.java] FAILED
    java.lang.AssertionError at FileParsingTest.java:66

minijava.parser.FileParsingTest > testParser[testdata/parser/ok/IfLessTest.java] FAILED
    java.lang.AssertionError at FileParsingTest.java:66

minijava.parser.FileParsingTest > testParser[testdata/parser/ok/AllocTest.java] FAILED
    java.lang.AssertionError at FileParsingTest.java:66

minijava.parser.FileParsingTest > testParser[testdata/parser/ok/TPOK_ConditionalTrue.java] FAILED
    java.lang.AssertionError at FileParsingTest.java:66

minijava.parser.FileParsingTest > testParser[testdata/parser/ok/3-Call.java] FAILED
    java.lang.AssertionError at FileParsingTest.java:66

minijava.parser.FileParsingTest > testParser[testdata/parser/ok/WhileLoop.java] FAILED
    java.lang.AssertionError at FileParsingTest.java:66

minijava.parser.FileParsingTest > testParser[testdata/parser/ok/WhileSide.java] FAILED
    java.lang.AssertionError at FileParsingTest.java:66

minijava.parser.FileParsingTest > testParser[testdata/parser/ok/LinkedList.java] FAILED
    java.lang.AssertionError at FileParsingTest.java:66

minijava.parser.FileParsingTest > testParser[testdata/parser/ok/OverrideTest2.java] FAILED
    java.lang.AssertionError at FileParsingTest.java:66

minijava.parser.FileParsingTest > testParser[testdata/parser/ok/Scopes.java] FAILED
    java.lang.AssertionError at FileParsingTest.java:66

minijava.parser.FileParsingTest > testParser[testdata/parser/ok/BinopTest.java] FAILED
    java.lang.AssertionError at FileParsingTest.java:66

minijava.parser.FileParsingTest > testParser[testdata/parser/ok/TPOK_Inheritance.java] FAILED
    java.lang.AssertionError at FileParsingTest.java:66

minijava.parser.FileParsingTest > testParser[testdata/parser/ok/QuickSort.java] FAILED
    java.lang.AssertionError at FileParsingTest.java:66

minijava.parser.FileParsingTest > testParser[testdata/parser/ok/ShortCutAnd.java] FAILED
    java.lang.AssertionError at FileParsingTest.java:66

minijava.parser.FileParsingTest > testParser[testdata/parser/ok/Euler.java] FAILED
    java.lang.AssertionError at FileParsingTest.java:66

minijava.parser.FileParsingTest > testParser[testdata/parser/ok/UnopTest.java] FAILED
    java.lang.AssertionError at FileParsingTest.java:66

minijava.parser.FileParsingTest > testParser[testdata/parser/ok/TPOK_And.java] FAILED
    java.lang.AssertionError at FileParsingTest.java:66

minijava.parser.FileParsingTest > testParser[testdata/parser/ok/InheritedFields.java] FAILED
    java.lang.AssertionError at FileParsingTest.java:66

minijava.parser.FileParsingTest > testParser[testdata/parser/ok/ArrayErrorWriteNullPointer.java] FAILED
    java.lang.AssertionError at FileParsingTest.java:66

minijava.parser.FileParsingTest > testParser[testdata/parser/ok/AllocObj.java] FAILED
    java.lang.AssertionError at FileParsingTest.java:66

minijava.parser.FileParsingTest > testParser[testdata/parser/ok/TestFieldAccess.java] FAILED
    java.lang.AssertionError at FileParsingTest.java:66

minijava.parser.FileParsingTest > testParser[testdata/parser/ok/ArraySize.java] FAILED
    java.lang.AssertionError at FileParsingTest.java:66

minijava.parser.FileParsingTest > testParser[testdata/parser/ok/MethodTest2.java] FAILED
    java.lang.AssertionError at FileParsingTest.java:66

minijava.parser.FileParsingTest > testParser[testdata/parser/ok/MethodInvokeTest.java] FAILED
    java.lang.AssertionError at FileParsingTest.java:66

minijava.parser.FileParsingTest > testParser[testdata/parser/ok/TPOK_MethodSetGet.java] FAILED
    java.lang.AssertionError at FileParsingTest.java:66

minijava.parser.FileParsingTest > testParser[testdata/parser/ok/MulAdd.java] FAILED
    java.lang.AssertionError at FileParsingTest.java:66

minijava.parser.FileParsingTest > testParser[testdata/parser/ok/WhileTest.java] FAILED
    java.lang.AssertionError at FileParsingTest.java:66

minijava.parser.FileParsingTest > testParser[testdata/parser/ok/ArrayBounds.java] FAILED
    java.lang.AssertionError at FileParsingTest.java:66

minijava.parser.FileParsingTest > testParser[testdata/parser/ok/IfTest.java] FAILED
    java.lang.AssertionError at FileParsingTest.java:66

minijava.parser.FileParsingTest > testParser[testdata/parser/ok/MainTest.java] FAILED
    java.lang.AssertionError at FileParsingTest.java:66

minijava.parser.FileParsingTest > testParser[testdata/parser/ok/TPOK_ConditionalMoreMore.java] FAILED
    java.lang.AssertionError at FileParsingTest.java:66

minijava.parser.FileParsingTest > testParser[testdata/parser/ok/Add5To3.java] FAILED
    java.lang.AssertionError at FileParsingTest.java:66

minijava.parser.FileParsingTest > testParser[testdata/parser/ok/IntTest.java] FAILED
    java.lang.AssertionError at FileParsingTest.java:66

minijava.parser.FileParsingTest > testParser[testdata/parser/ok/Graph2.java] FAILED
    java.lang.AssertionError at FileParsingTest.java:66

minijava.parser.FileParsingTest > testParser[testdata/parser/ok/AssignLocal.java] FAILED
    java.lang.AssertionError at FileParsingTest.java:66

minijava.parser.FileParsingTest > testParser[testdata/parser/ok/BoolTest.java] FAILED
    java.lang.AssertionError at FileParsingTest.java:66

minijava.parser.FileParsingTest > testParser[testdata/parser/ok/PrimesOO.java] FAILED
    java.lang.AssertionError at FileParsingTest.java:66

minijava.parser.FileParsingTest > testParser[testdata/parser/ok/TPOK_ConditionalMore.java] FAILED
    java.lang.AssertionError at FileParsingTest.java:66

minijava.parser.FileParsingTest > testParser[testdata/parser/ok/Arrays.java] FAILED
    java.lang.AssertionError at FileParsingTest.java:66

minijava.parser.FileParsingTest > testParser[testdata/parser/ok/TPOK_ArrayLength.java] FAILED
    java.lang.AssertionError at FileParsingTest.java:66

minijava.parser.FileParsingTest > testParser[testdata/parser/ok/FieldAccessWithParenthesis.java] FAILED
    java.lang.AssertionError at FileParsingTest.java:66

minijava.parser.FileParsingTest > testParser[testdata/parser/ok/EmptyProgram.java] FAILED
    java.lang.AssertionError at FileParsingTest.java:66

minijava.parser.FileParsingTest > testParser[testdata/parser/ok/TPOK_MethodBoolean.java] FAILED
    java.lang.AssertionError at FileParsingTest.java:66

minijava.parser.FileParsingTest > testParser[testdata/parser/ok/Inherit.java] FAILED
    java.lang.AssertionError at FileParsingTest.java:66

minijava.parser.FileParsingTest > testParser[testdata/parser/ok/Override.java] FAILED
    java.lang.AssertionError at FileParsingTest.java:66

minijava.parser.FileParsingTest > testParser[testdata/parser/ok/TPOK_ArrayAlloc.java] FAILED
    java.lang.AssertionError at FileParsingTest.java:66

minijava.parser.FileParsingTest > testParser[testdata/parser/ok/ArrayAccess.java] FAILED
    java.lang.AssertionError at FileParsingTest.java:66

minijava.parser.FileParsingTest > testParser[testdata/parser/ok/2-Add.java] FAILED
    java.lang.AssertionError at FileParsingTest.java:66

minijava.parser.FileParsingTest > testParser[testdata/parser/ok/MainLocals.java] FAILED
    java.lang.AssertionError at FileParsingTest.java:66

minijava.parser.FileParsingTest > testParser[testdata/parser/ok/Example4.java] FAILED
    java.lang.AssertionError at FileParsingTest.java:66

minijava.parser.FileParsingTest > testParser[testdata/parser/ok/MethodTest4.java] FAILED
    java.lang.AssertionError at FileParsingTest.java:66

minijava.parser.FileParsingTest > testParser[testdata/parser/ok/ArrayErrorLengthNullPointer.java] FAILED
    java.lang.AssertionError at FileParsingTest.java:66

minijava.parser.FileParsingTest > testParser[testdata/parser/ok/BinarySearch.java] FAILED
    java.lang.AssertionError at FileParsingTest.java:66

minijava.parser.FileParsingTest > testParser[testdata/parser/ok/WhileFalse.java] FAILED
    java.lang.AssertionError at FileParsingTest.java:66

minijava.parser.FileParsingTest > testParser[testdata/parser/ok/TPF_ArrayStorePos.java] FAILED
    java.lang.AssertionError at FileParsingTest.java:66

minijava.parser.FileParsingTest > testParser[testdata/parser/ok/SimpleNot.java] FAILED
    java.lang.AssertionError at FileParsingTest.java:66

minijava.parser.FileParsingTest > testParser[testdata/parser/ok/PrecedenceTest.java] FAILED
    java.lang.AssertionError at FileParsingTest.java:66

minijava.parser.FileParsingTest > testParser[testdata/parser/ok/ArrayErrorReadNullPointer.java] FAILED
    java.lang.AssertionError at FileParsingTest.java:66

minijava.parser.FileParsingTest > testParser[testdata/parser/ok/PrecedenceTest2.java] FAILED
    java.lang.AssertionError at FileParsingTest.java:66

minijava.parser.FileParsingTest > testParser[testdata/parser/ok/MethodCallOnNull.java] FAILED
    java.lang.AssertionError at FileParsingTest.java:66

minijava.parser.FileParsingTest > testParser[testdata/parser/ok/NotExpr.java] FAILED
    java.lang.AssertionError at FileParsingTest.java:66

minijava.parser.FileParsingTest > testParser[testdata/parser/ok/ArrayErrorWritePastBeginning.java] FAILED
    java.lang.AssertionError at FileParsingTest.java:66

minijava.parser.FileParsingTest > testParser[testdata/parser/ok/TPOK_ConditionalFalse.java] FAILED
    java.lang.AssertionError at FileParsingTest.java:66

minijava.parser.FileParsingTest > testParser[testdata/parser/ok/NegTest.java] FAILED
    java.lang.AssertionError at FileParsingTest.java:66

minijava.parser.FileParsingTest > testParser[testdata/parser/ok/ArrayAcc.java] FAILED
    java.lang.AssertionError at FileParsingTest.java:66

minijava.parser.ParserAstTests > testMultipleArgumetns FAILED
    java.lang.NullPointerException at ParserAstTests.java:165

minijava.parser.ParserAstTests > testMultipleParameters FAILED
    java.lang.NullPointerException at ParserAstTests.java:157

minijava.parser.ParserAstTests > testLocalVar FAILED
    java.lang.NullPointerException at ParserAstTests.java:37

minijava.parser.ParserAstTests > testMultipleClasses FAILED
    java.lang.NullPointerException at ParserAstTests.java:147

minijava.parser.ParserAstTests > operatorPrecedenceUnaryAndFields FAILED
    java.lang.NullPointerException at ParserAstTests.java:102

minijava.parser.ParserAstTests > testWhileStmt FAILED
    java.lang.NullPointerException at ParserAstTests.java:62

minijava.parser.ParserAstTests > testPrint FAILED
    java.lang.NullPointerException at ParserAstTests.java:29

minijava.parser.ParserAstTests > operatorPrecedenceMethodCallAndArrays FAILED
    java.lang.NullPointerException at ParserAstTests.java:94

minijava.parser.ParserAstTests > operatorPrecedenceUnary FAILED
    java.lang.NullPointerException at ParserAstTests.java:122

minijava.parser.ParserAstTests > testMinimalProg FAILED
    java.lang.AssertionError at ParserAstTests.java:22

minijava.parser.ParserAstTests > testAssignment FAILED
    java.lang.NullPointerException at ParserAstTests.java:45

minijava.parser.ParserAstTests > arrayLength FAILED
    java.lang.NullPointerException at ParserAstTests.java:130

minijava.parser.ParserAstTests > operatorPrecedence FAILED
    java.lang.NullPointerException at ParserAstTests.java:78

minijava.parser.ParserAstTests > testIfStmt FAILED
    java.lang.NullPointerException at ParserAstTests.java:53

minijava.parser.ParserAstTests > newObjectStatement FAILED
    java.lang.NullPointerException at ParserAstTests.java:114

minijava.parser.ParserAstTests > operators FAILED
    java.lang.NullPointerException at ParserAstTests.java:70

minijava.parser.ParserAstTests > operatorAssociativity FAILED
    java.lang.NullPointerException at ParserAstTests.java:86

210 tests completed, 194 failed
:test FAILED

FAILURE: Build failed with an exception.

* What went wrong:
Execution failed for task ':test'.
> There were failing tests. See the report at: file:///home/mahsa/Tu%20Kl/Compiler/Exe2/ex2/build/reports/tests/index.html

* Try:
Run with --stacktrace option to get the stack trace. Run with --info or --debug option to get more log output.

BUILD FAILED

Total time: 8.346 secs
13:59:02.346 [DEBUG] [org.gradle.cache.internal.btree.BTreePersistentIndexedCache] Closing cache fileSnapshots.bin (/home/mahsa/Tu Kl/Compiler/Exe2/ex2/.gradle/2.12/taskArtifacts/fileSnapshots.bin)
13:59:02.350 [DEBUG] [org.gradle.cache.internal.btree.BTreePersistentIndexedCache] Closing cache fileHashes.bin (/home/mahsa/Tu Kl/Compiler/Exe2/ex2/.gradle/2.12/taskArtifacts/fileHashes.bin)
13:59:02.351 [DEBUG] [org.gradle.cache.internal.btree.BTreePersistentIndexedCache] Closing cache taskArtifacts.bin (/home/mahsa/Tu Kl/Compiler/Exe2/ex2/.gradle/2.12/taskArtifacts/taskArtifacts.bin)
13:59:02.351 [DEBUG] [org.gradle.cache.internal.btree.BTreePersistentIndexedCache] Closing cache outputFileStates.bin (/home/mahsa/Tu Kl/Compiler/Exe2/ex2/.gradle/2.12/taskArtifacts/outputFileStates.bin)
13:59:02.351 [DEBUG] [org.gradle.cache.internal.DefaultFileLockManager] Releasing lock on task history cache (/home/mahsa/Tu Kl/Compiler/Exe2/ex2/.gradle/2.12/taskArtifacts).
13:59:02.352 [DEBUG] [org.gradle.cache.internal.DefaultFileLockManager] Releasing lock on cp_proj class cache for build file '/home/mahsa/Tu Kl/Compiler/Exe2/ex2/build.gradle' (/home/mahsa/Tu Kl/Compiler/group11/ex1/gradle/caches/2.12/scripts/build_8bni4ajs55j1aqsaomu8h51xi/cp_proj).
13:59:02.357 [DEBUG] [org.gradle.cache.internal.DefaultFileLockManager] Releasing lock on proj class cache for build file '/home/mahsa/Tu Kl/Compiler/Exe2/ex2/build.gradle' (/home/mahsa/Tu Kl/Compiler/group11/ex1/gradle/caches/2.12/scripts/build_8bni4ajs55j1aqsaomu8h51xi/proj).
13:59:02.360 [DEBUG] [org.gradle.api.internal.artifacts.ivyservice.resolveengine.store.CachedStoreFactory] Resolution result cache closed. Cache reads: 0, disk reads: 0 (avg: 0.0 secs, total: 0.0 secs)
13:59:02.364 [DEBUG] [org.gradle.api.internal.artifacts.ivyservice.resolveengine.store.CachedStoreFactory] Resolution result cache closed. Cache reads: 0, disk reads: 0 (avg: 0.0 secs, total: 0.0 secs)
13:59:02.365 [DEBUG] [org.gradle.api.internal.artifacts.ivyservice.resolveengine.store.ResolutionResultsStoreFactory] Deleted 2 resolution results binary files in 0.008 secs
13:59:02.365 [DEBUG] [org.gradle.api.internal.artifacts.ivyservice.ivyresolve.memcache.InMemoryCachedRepositoryFactory] In-memory dependency metadata cache closed. Repos cached: 3, cache instances: 1, modules served from cache: 4, artifacts: 4
13:59:02.366 [DEBUG] [org.gradle.cache.internal.btree.BTreePersistentIndexedCache] Closing cache artifact-at-repository.bin (/home/mahsa/Tu Kl/Compiler/group11/ex1/gradle/caches/modules-2/metadata-2.16/artifact-at-repository.bin)
13:59:02.366 [DEBUG] [org.gradle.cache.internal.btree.BTreePersistentIndexedCache] Closing cache module-metadata.bin (/home/mahsa/Tu Kl/Compiler/group11/ex1/gradle/caches/modules-2/metadata-2.16/module-metadata.bin)
13:59:02.366 [DEBUG] [org.gradle.cache.internal.DefaultFileLockManager] Releasing lock on artifact cache (/home/mahsa/Tu Kl/Compiler/group11/ex1/gradle/caches/modules-2).
13:59:02.367 [DEBUG] [org.gradle.cache.internal.DefaultCacheAccess] Cache Plugin Resolution Cache (/home/mahsa/Tu Kl/Compiler/group11/ex1/gradle/caches/2.12/plugin-resolution) was closed 0 times.
13:59:02.368 [DEBUG] [org.gradle.cache.internal.DefaultFileLockManager] Releasing lock on cache directory workerMain (/home/mahsa/Tu Kl/Compiler/group11/ex1/gradle/caches/2.12/workerMain).
13:59:02.372 [DEBUG] [org.gradle.api.internal.tasks.compile.daemon.CompilerDaemonManager] Stopping 0 compiler daemon(s).
13:59:02.373 [INFO] [org.gradle.api.internal.tasks.compile.daemon.CompilerDaemonManager] Stopped 0 compiler daemon(s).
13:59:02.373 [DEBUG] [org.gradle.launcher.daemon.server.exec.ExecuteBuild] The daemon has finished executing the build.
13:59:02.378 [DEBUG] [org.gradle.launcher.daemon.server.DaemonStateCoordinator] Command execution: finished waiting for DaemonCommandExecution[command = Build{id=428b8593-cb20-4f98-88a1-86282a208488.1, currentDir=/home/mahsa/Tu Kl/Compiler/Exe2/ex2}, connection = org.gradle.launcher.daemon.server.DefaultDaemonConnection@46ff9ca]. Result org.gradle.launcher.daemon.server.DaemonStateCoordinator@61004bad with state Running
13:59:02.379 [DEBUG] [org.gradle.launcher.daemon.server.DaemonStateCoordinator] Command execution: completed DaemonCommandExecution[command = Build{id=428b8593-cb20-4f98-88a1-86282a208488.1, currentDir=/home/mahsa/Tu Kl/Compiler/Exe2/ex2}, connection = org.gradle.launcher.daemon.server.DefaultDaemonConnection@46ff9ca]
13:59:02.379 [DEBUG] [org.gradle.launcher.daemon.server.DaemonStateCoordinator] updating lastActivityAt to 1493726342379
13:59:02.380 [INFO] [org.gradle.launcher.daemon.server.DomainRegistryUpdater] Marking the daemon as idle, address: [f77bc43a-bc51-459b-9d96-ae46a6469403 port:36368, addresses:[/0:0:0:0:0:0:0:1%lo, /127.0.0.1]]
13:59:02.380 [DEBUG] [org.gradle.launcher.daemon.registry.PersistentDaemonRegistry] Marking idle by address: [f77bc43a-bc51-459b-9d96-ae46a6469403 port:36368, addresses:[/0:0:0:0:0:0:0:1%lo, /127.0.0.1]]
13:59:02.381 [DEBUG] [org.gradle.cache.internal.DefaultFileLockManager] Waiting to acquire exclusive lock on daemon addresses registry.
13:59:02.381 [DEBUG] [org.gradle.cache.internal.DefaultFileLockManager] Lock acquired.
13:59:02.385 [DEBUG] [org.gradle.cache.internal.DefaultFileLockManager] Releasing lock on daemon addresses registry.
13:59:02.386 [DEBUG] [org.gradle.launcher.daemon.server.DaemonStateCoordinator] Daemon is idle, sleeping until state change or idle timeout at Tue May 02 14:00:02 CEST 2017
13:59:02.386 [DEBUG] [org.gradle.launcher.daemon.server.exec.ReturnResult] Daemon is dispatching the build result: Failure[value=org.gradle.initialization.ReportedException: org.gradle.internal.exceptions.LocationAwareException: Execution failed for task ':test'.]
13:59:02.388 [DEBUG] [org.gradle.launcher.daemon.server.SynchronizedDispatchConnection] thread 13: dispatching class org.gradle.launcher.daemon.protocol.Failure
13:59:02.440 [DEBUG] [org.gradle.launcher.daemon.server.DefaultIncomingConnectionHandler] Finishing executing command: Build{id=428b8593-cb20-4f98-88a1-86282a208488.1, currentDir=/home/mahsa/Tu Kl/Compiler/Exe2/ex2}
13:59:02.537 [DEBUG] [org.gradle.launcher.daemon.server.SynchronizedDispatchConnection] thread 36: received class org.gradle.launcher.daemon.protocol.Finished
13:59:02.538 [DEBUG] [org.gradle.launcher.daemon.server.DefaultDaemonConnection] Received non-IO message from client: org.gradle.launcher.daemon.protocol.Finished@24048f5a
13:59:02.538 [DEBUG] [org.gradle.launcher.daemon.server.DefaultIncomingConnectionHandler] Received finished message: org.gradle.launcher.daemon.protocol.Finished@24048f5a
13:59:02.539 [DEBUG] [org.gradle.launcher.daemon.server.SynchronizedDispatchConnection] thread 13: stopping connection
13:59:02.541 [DEBUG] [org.gradle.messaging.remote.internal.inet.SocketConnection] Discarding EOFException: java.io.EOFException
13:59:02.541 [DEBUG] [org.gradle.launcher.daemon.server.SynchronizedDispatchConnection] thread 36: received null
13:59:02.541 [DEBUG] [org.gradle.launcher.daemon.server.DefaultDaemonConnection] Received end-of-input from client.
13:59:02.542 [DEBUG] [org.gradle.launcher.daemon.server.SynchronizedDispatchConnection] thread 13: stopping connection
14:00:02.380 [DEBUG] [org.gradle.launcher.daemon.server.DaemonStateCoordinator] Idle timeout: daemon has been idle for requested period. Stopping now.
14:00:02.380 [DEBUG] [org.gradle.launcher.daemon.server.DaemonStateCoordinator] Marking daemon stopped due to idle timeout. The daemon is running a build: false
14:00:02.381 [DEBUG] [org.gradle.launcher.daemon.server.Daemon] stop() called on daemon
14:00:02.381 [INFO] [org.gradle.launcher.daemon.server.Daemon] Stop requested. Daemon is removing its presence from the registry...
14:00:02.382 [DEBUG] [org.gradle.launcher.daemon.server.DomainRegistryUpdater] Removing our presence to clients, eg. removing this address from the registry: [f77bc43a-bc51-459b-9d96-ae46a6469403 port:36368, addresses:[/0:0:0:0:0:0:0:1%lo, /127.0.0.1]]
14:00:02.383 [DEBUG] [org.gradle.launcher.daemon.registry.PersistentDaemonRegistry] Removing daemon address: [f77bc43a-bc51-459b-9d96-ae46a6469403 port:36368, addresses:[/0:0:0:0:0:0:0:1%lo, /127.0.0.1]]
14:00:02.388 [DEBUG] [org.gradle.cache.internal.DefaultFileLockManager] Waiting to acquire exclusive lock on daemon addresses registry.
14:00:02.389 [DEBUG] [org.gradle.cache.internal.DefaultFileLockManager] Lock acquired.
14:00:02.394 [DEBUG] [org.gradle.cache.internal.DefaultFileLockManager] Releasing lock on daemon addresses registry.
14:00:02.394 [DEBUG] [org.gradle.launcher.daemon.server.DomainRegistryUpdater] Address removed from registry.
Daemon vm is shutting down... The daemon has exited normally or was terminated in response to a user interrupt.
14:00:02.397 [DEBUG] [org.gradle.launcher.daemon.registry.PersistentDaemonRegistry] Removing daemon address: [f77bc43a-bc51-459b-9d96-ae46a6469403 port:36368, addresses:[/0:0:0:0:0:0:0:1%lo, /127.0.0.1]]
14:00:02.398 [DEBUG] [org.gradle.cache.internal.DefaultFileLockManager] Waiting to acquire exclusive lock on daemon addresses registry.
14:00:02.399 [DEBUG] [org.gradle.cache.internal.DefaultFileLockManager] Lock acquired.
14:00:02.399 [DEBUG] [org.gradle.cache.internal.DefaultFileLockManager] Releasing lock on daemon addresses registry.
