# JRE version: Java(TM) SE Runtime Environment (8.0_131-b11) (build 1.8.0_131-b11)
# Java VM: Java HotSpot(TM) 64-Bit Server VM (25.131-b11 mixed mode windows-amd64 compressed oops)
Heap:
 PSYoungGen      total 116224K, used 92749K [0x00000000eab00000, 0x00000000f3180000, 0x0000000100000000)
  eden space 101888K, 76% used [0x00000000eab00000,0x00000000ef7949a0,0x00000000f0e80000)
  from space 14336K, 99% used [0x00000000f2380000,0x00000000f317ed48,0x00000000f3180000)
  to   space 17408K, 0% used [0x00000000f0f80000,0x00000000f0f80000,0x00000000f2080000)
 ParOldGen       total 47104K, used 25899K [0x00000000c0000000, 0x00000000c2e00000, 0x00000000eab00000)
  object space 47104K, 54% used [0x00000000c0000000,0x00000000c194adf8,0x00000000c2e00000)
 Metaspace       used 39255K, capacity 39950K, committed 40152K, reserved 1083392K
  class space    used 5284K, capacity 5520K, committed 5632K, reserved 1048576K
GC Heap History (10 events):
Event: 19.905 GC heap before
{Heap before GC invocations=10 (full 1):
 PSYoungGen      total 64000K, used 61382K [0x00000000eab00000, 0x00000000ef800000, 0x0000000100000000)
  eden space 53248K, 100% used [0x00000000eab00000,0x00000000edf00000,0x00000000edf00000)
  from space 10752K, 75% used [0x00000000eea00000,0x00000000ef1f1b60,0x00000000ef480000)
  to   space 11264K, 0% used [0x00000000edf00000,0x00000000edf00000,0x00000000eea00000)
 ParOldGen       total 47104K, used 9010K [0x00000000c0000000, 0x00000000c2e00000, 0x00000000eab00000)
  object space 47104K, 19% used [0x00000000c0000000,0x00000000c08ccba0,0x00000000c2e00000)
 Metaspace       used 27764K, capacity 28328K, committed 28416K, reserved 1073152K
  class space    used 3918K, capacity 4079K, committed 4096K, reserved 1048576K
Event: 19.934 GC heap after
Heap after GC invocations=10 (full 1):
 PSYoungGen      total 64512K, used 11256K [0x00000000eab00000, 0x00000000f1180000, 0x0000000100000000)
  eden space 53248K, 0% used [0x00000000eab00000,0x00000000eab00000,0x00000000edf00000)
  from space 11264K, 99% used [0x00000000edf00000,0x00000000ee9fe2b0,0x00000000eea00000)
  to   space 13312K, 0% used [0x00000000f0480000,0x00000000f0480000,0x00000000f1180000)
 ParOldGen       total 47104K, used 11150K [0x00000000c0000000, 0x00000000c2e00000, 0x00000000eab00000)
  object space 47104K, 23% used [0x00000000c0000000,0x00000000c0ae3a58,0x00000000c2e00000)
 Metaspace       used 27764K, capacity 28328K, committed 28416K, reserved 1073152K
  class space    used 3918K, capacity 4079K, committed 4096K, reserved 1048576K
}
Event: 29.888 GC heap before
{Heap before GC invocations=11 (full 1):
 PSYoungGen      total 64512K, used 64504K [0x00000000eab00000, 0x00000000f1180000, 0x0000000100000000)
  eden space 53248K, 100% used [0x00000000eab00000,0x00000000edf00000,0x00000000edf00000)
  from space 11264K, 99% used [0x00000000edf00000,0x00000000ee9fe2b0,0x00000000eea00000)
  to   space 13312K, 0% used [0x00000000f0480000,0x00000000f0480000,0x00000000f1180000)
 ParOldGen       total 47104K, used 11150K [0x00000000c0000000, 0x00000000c2e00000, 0x00000000eab00000)
  object space 47104K, 23% used [0x00000000c0000000,0x00000000c0ae3a58,0x00000000c2e00000)
 Metaspace       used 30214K, capacity 30810K, committed 30976K, reserved 1075200K
  class space    used 4296K, capacity 4520K, committed 4608K, reserved 1048576K
Event: 29.920 GC heap after
Heap after GC invocations=11 (full 1):
 PSYoungGen      total 90112K, used 11786K [0x00000000eab00000, 0x00000000f1380000, 0x0000000100000000)
  eden space 76800K, 0% used [0x00000000eab00000,0x00000000eab00000,0x00000000ef600000)
  from space 13312K, 88% used [0x00000000f0480000,0x00000000f1002b00,0x00000000f1180000)
  to   space 14848K, 0% used [0x00000000ef600000,0x00000000ef600000,0x00000000f0480000)
 ParOldGen       total 47104K, used 14555K [0x00000000c0000000, 0x00000000c2e00000, 0x00000000eab00000)
  object space 47104K, 30% used [0x00000000c0000000,0x00000000c0e36e68,0x00000000c2e00000)
 Metaspace       used 30214K, capacity 30810K, committed 30976K, reserved 1075200K
  class space    used 4296K, capacity 4520K, committed 4608K, reserved 1048576K
}
Event: 34.514 GC heap before
{Heap before GC invocations=12 (full 1):
 PSYoungGen      total 90112K, used 40333K [0x00000000eab00000, 0x00000000f1380000, 0x0000000100000000)
  eden space 76800K, 37% used [0x00000000eab00000,0x00000000ec6e09c0,0x00000000ef600000)
  from space 13312K, 88% used [0x00000000f0480000,0x00000000f1002b00,0x00000000f1180000)
  to   space 14848K, 0% used [0x00000000ef600000,0x00000000ef600000,0x00000000f0480000)
 ParOldGen       total 47104K, used 14555K [0x00000000c0000000, 0x00000000c2e00000, 0x00000000eab00000)
  object space 47104K, 30% used [0x00000000c0000000,0x00000000c0e36e68,0x00000000c2e00000)
 Metaspace       used 34548K, capacity 35246K, committed 35416K, reserved 1079296K
  class space    used 4919K, capacity 5168K, committed 5248K, reserved 1048576K
Event: 34.532 GC heap after
Heap after GC invocations=12 (full 1):
 PSYoungGen      total 91648K, used 4894K [0x00000000eab00000, 0x00000000f3180000, 0x0000000100000000)
  eden space 76800K, 0% used [0x00000000eab00000,0x00000000eab00000,0x00000000ef600000)
  from space 14848K, 32% used [0x00000000ef600000,0x00000000efac7ba8,0x00000000f0480000)
  to   space 14336K, 0% used [0x00000000f2380000,0x00000000f2380000,0x00000000f3180000)
 ParOldGen       total 47104K, used 22139K [0x00000000c0000000, 0x00000000c2e00000, 0x00000000eab00000)
  object space 47104K, 47% used [0x00000000c0000000,0x00000000c159eea8,0x00000000c2e00000)
 Metaspace       used 34548K, capacity 35246K, committed 35416K, reserved 1079296K
  class space    used 4919K, capacity 5168K, committed 5248K, reserved 1048576K
}
Event: 34.532 GC heap before
{Heap before GC invocations=13 (full 2):
 PSYoungGen      total 91648K, used 4894K [0x00000000eab00000, 0x00000000f3180000, 0x0000000100000000)
  eden space 76800K, 0% used [0x00000000eab00000,0x00000000eab00000,0x00000000ef600000)
  from space 14848K, 32% used [0x00000000ef600000,0x00000000efac7ba8,0x00000000f0480000)
  to   space 14336K, 0% used [0x00000000f2380000,0x00000000f2380000,0x00000000f3180000)
 ParOldGen       total 47104K, used 22139K [0x00000000c0000000, 0x00000000c2e00000, 0x00000000eab00000)
  object space 47104K, 47% used [0x00000000c0000000,0x00000000c159eea8,0x00000000c2e00000)
 Metaspace       used 34548K, capacity 35246K, committed 35416K, reserved 1079296K
  class space    used 4919K, capacity 5168K, committed 5248K, reserved 1048576K
Event: 34.713 GC heap after
Heap after GC invocations=13 (full 2):
 PSYoungGen      total 91648K, used 0K [0x00000000eab00000, 0x00000000f3180000, 0x0000000100000000)
  eden space 76800K, 0% used [0x00000000eab00000,0x00000000eab00000,0x00000000ef600000)
  from space 14848K, 0% used [0x00000000ef600000,0x00000000ef600000,0x00000000f0480000)
  to   space 14336K, 0% used [0x00000000f2380000,0x00000000f2380000,0x00000000f3180000)
 ParOldGen       total 47104K, used 23237K [0x00000000c0000000, 0x00000000c2e00000, 0x00000000eab00000)
  object space 47104K, 49% used [0x00000000c0000000,0x00000000c16b14d0,0x00000000c2e00000)
 Metaspace       used 34548K, capacity 35246K, committed 35416K, reserved 1079296K
  class space    used 4919K, capacity 5168K, committed 5248K, reserved 1048576K
}
Event: 72.790 GC heap before
{Heap before GC invocations=14 (full 2):
 PSYoungGen      total 91648K, used 76800K [0x00000000eab00000, 0x00000000f3180000, 0x0000000100000000)
  eden space 76800K, 100% used [0x00000000eab00000,0x00000000ef600000,0x00000000ef600000)
  from space 14848K, 0% used [0x00000000ef600000,0x00000000ef600000,0x00000000f0480000)
  to   space 14336K, 0% used [0x00000000f2380000,0x00000000f2380000,0x00000000f3180000)
 ParOldGen       total 47104K, used 23237K [0x00000000c0000000, 0x00000000c2e00000, 0x00000000eab00000)
  object space 47104K, 49% used [0x00000000c0000000,0x00000000c16b14d0,0x00000000c2e00000)
 Metaspace       used 38678K, capacity 39374K, committed 39640K, reserved 1083392K
  class space    used 5271K, capacity 5520K, committed 5632K, reserved 1048576K
Event: 72.818 GC heap after
Heap after GC invocations=14 (full 2):
 PSYoungGen      total 116224K, used 14331K [0x00000000eab00000, 0x00000000f3180000, 0x0000000100000000)
  eden space 101888K, 0% used [0x00000000eab00000,0x00000000eab00000,0x00000000f0e80000)
  from space 14336K, 99% used [0x00000000f2380000,0x00000000f317ed48,0x00000000f3180000)
  to   space 17408K, 0% used [0x00000000f0f80000,0x00000000f0f80000,0x00000000f2080000)
 ParOldGen       total 47104K, used 25899K [0x00000000c0000000, 0x00000000c2e00000, 0x00000000eab00000)
  object space 47104K, 54% used [0x00000000c0000000,0x00000000c194adf8,0x00000000c2e00000)
 Metaspace       used 38678K, capacity 39374K, committed 39640K, reserved 1083392K
  class space    used 5271K, capacity 5520K, committed 5632K, reserved 1048576K
}

