# JRE version: Java(TM) SE Runtime Environment (8.0_131-b11) (build 1.8.0_131-b11)
# Java VM: Java HotSpot(TM) 64-Bit Server VM (25.131-b11 mixed mode windows-amd64 compressed oops)
Heap:
 PSYoungGen      total 121344K, used 68905K [0x00000000eab00000, 0x00000000f2f00000, 0x0000000100000000)
  eden space 110592K, 62% used [0x00000000eab00000,0x00000000eee4a6b0,0x00000000f1700000)
  from space 10752K, 0% used [0x00000000f2280000,0x00000000f2280000,0x00000000f2d00000)
  to   space 11776K, 0% used [0x00000000f1700000,0x00000000f1700000,0x00000000f2280000)
 ParOldGen       total 88064K, used 22607K [0x00000000c0000000, 0x00000000c5600000, 0x00000000eab00000)
  object space 88064K, 25% used [0x00000000c0000000,0x00000000c1613c88,0x00000000c5600000)
 Metaspace       used 38233K, capacity 38980K, committed 39128K, reserved 1083392K
  class space    used 5258K, capacity 5518K, committed 5632K, reserved 1048576K
GC Heap History (10 events):
Event: 7.337 GC heap before
{Heap before GC invocations=6 (full 1):
 PSYoungGen      total 70656K, used 65536K [0x00000000eab00000, 0x00000000ef500000, 0x0000000100000000)
  eden space 65536K, 100% used [0x00000000eab00000,0x00000000eeb00000,0x00000000eeb00000)
  from space 5120K, 0% used [0x00000000ef000000,0x00000000ef000000,0x00000000ef500000)
  to   space 5120K, 0% used [0x00000000eeb00000,0x00000000eeb00000,0x00000000ef000000)
 ParOldGen       total 55808K, used 8986K [0x00000000c0000000, 0x00000000c3680000, 0x00000000eab00000)
  object space 55808K, 16% used [0x00000000c0000000,0x00000000c08c6b78,0x00000000c3680000)
 Metaspace       used 24473K, capacity 24906K, committed 25088K, reserved 1071104K
  class space    used 3370K, capacity 3475K, committed 3584K, reserved 1048576K
Event: 7.352 GC heap after
Heap after GC invocations=6 (full 1):
 PSYoungGen      total 70656K, used 5091K [0x00000000eab00000, 0x00000000f2d00000, 0x0000000100000000)
  eden space 65536K, 0% used [0x00000000eab00000,0x00000000eab00000,0x00000000eeb00000)
  from space 5120K, 99% used [0x00000000eeb00000,0x00000000eeff8c08,0x00000000ef000000)
  to   space 10752K, 0% used [0x00000000f2280000,0x00000000f2280000,0x00000000f2d00000)
 ParOldGen       total 55808K, used 9542K [0x00000000c0000000, 0x00000000c3680000, 0x00000000eab00000)
  object space 55808K, 17% used [0x00000000c0000000,0x00000000c0951b38,0x00000000c3680000)
 Metaspace       used 24473K, capacity 24906K, committed 25088K, reserved 1071104K
  class space    used 3370K, capacity 3475K, committed 3584K, reserved 1048576K
}
Event: 8.724 GC heap before
{Heap before GC invocations=7 (full 1):
 PSYoungGen      total 70656K, used 70627K [0x00000000eab00000, 0x00000000f2d00000, 0x0000000100000000)
  eden space 65536K, 100% used [0x00000000eab00000,0x00000000eeb00000,0x00000000eeb00000)
  from space 5120K, 99% used [0x00000000eeb00000,0x00000000eeff8c08,0x00000000ef000000)
  to   space 10752K, 0% used [0x00000000f2280000,0x00000000f2280000,0x00000000f2d00000)
 ParOldGen       total 55808K, used 9542K [0x00000000c0000000, 0x00000000c3680000, 0x00000000eab00000)
  object space 55808K, 17% used [0x00000000c0000000,0x00000000c0951b38,0x00000000c3680000)
 Metaspace       used 26491K, capacity 26994K, committed 27264K, reserved 1073152K
  class space    used 3716K, capacity 3891K, committed 3968K, reserved 1048576K
Event: 8.764 GC heap after
Heap after GC invocations=7 (full 1):
 PSYoungGen      total 121344K, used 8976K [0x00000000eab00000, 0x00000000f2f00000, 0x0000000100000000)
  eden space 110592K, 0% used [0x00000000eab00000,0x00000000eab00000,0x00000000f1700000)
  from space 10752K, 83% used [0x00000000f2280000,0x00000000f2b44058,0x00000000f2d00000)
  to   space 11776K, 0% used [0x00000000f1700000,0x00000000f1700000,0x00000000f2280000)
 ParOldGen       total 55808K, used 9550K [0x00000000c0000000, 0x00000000c3680000, 0x00000000eab00000)
  object space 55808K, 17% used [0x00000000c0000000,0x00000000c0953b38,0x00000000c3680000)
 Metaspace       used 26491K, capacity 26994K, committed 27264K, reserved 1073152K
  class space    used 3716K, capacity 3891K, committed 3968K, reserved 1048576K
}
Event: 13.695 GC heap before
{Heap before GC invocations=8 (full 1):
 PSYoungGen      total 121344K, used 119568K [0x00000000eab00000, 0x00000000f2f00000, 0x0000000100000000)
  eden space 110592K, 100% used [0x00000000eab00000,0x00000000f1700000,0x00000000f1700000)
  from space 10752K, 83% used [0x00000000f2280000,0x00000000f2b44058,0x00000000f2d00000)
  to   space 11776K, 0% used [0x00000000f1700000,0x00000000f1700000,0x00000000f2280000)
 ParOldGen       total 55808K, used 9550K [0x00000000c0000000, 0x00000000c3680000, 0x00000000eab00000)
  object space 55808K, 17% used [0x00000000c0000000,0x00000000c0953b38,0x00000000c3680000)
 Metaspace       used 30724K, capacity 31344K, committed 31616K, reserved 1077248K
  class space    used 4389K, capacity 4614K, committed 4736K, reserved 1048576K
Event: 13.715 GC heap after
Heap after GC invocations=8 (full 1):
 PSYoungGen      total 122368K, used 11744K [0x00000000eab00000, 0x00000000f2f00000, 0x0000000100000000)
  eden space 110592K, 0% used [0x00000000eab00000,0x00000000eab00000,0x00000000f1700000)
  from space 11776K, 99% used [0x00000000f1700000,0x00000000f2278010,0x00000000f2280000)
  to   space 10752K, 0% used [0x00000000f2280000,0x00000000f2280000,0x00000000f2d00000)
 ParOldGen       total 55808K, used 16065K [0x00000000c0000000, 0x00000000c3680000, 0x00000000eab00000)
  object space 55808K, 28% used [0x00000000c0000000,0x00000000c0fb0430,0x00000000c3680000)
 Metaspace       used 30724K, capacity 31344K, committed 31616K, reserved 1077248K
  class space    used 4389K, capacity 4614K, committed 4736K, reserved 1048576K
}
Event: 17.834 GC heap before
{Heap before GC invocations=9 (full 1):
 PSYoungGen      total 122368K, used 32648K [0x00000000eab00000, 0x00000000f2f00000, 0x0000000100000000)
  eden space 110592K, 18% used [0x00000000eab00000,0x00000000ebf6a020,0x00000000f1700000)
  from space 11776K, 99% used [0x00000000f1700000,0x00000000f2278010,0x00000000f2280000)
  to   space 10752K, 0% used [0x00000000f2280000,0x00000000f2280000,0x00000000f2d00000)
 ParOldGen       total 55808K, used 16065K [0x00000000c0000000, 0x00000000c3680000, 0x00000000eab00000)
  object space 55808K, 28% used [0x00000000c0000000,0x00000000c0fb0430,0x00000000c3680000)
 Metaspace       used 34639K, capacity 35332K, committed 35416K, reserved 1079296K
  class space    used 4944K, capacity 5198K, committed 5248K, reserved 1048576K
Event: 17.852 GC heap after
Heap after GC invocations=9 (full 1):
 PSYoungGen      total 121344K, used 10740K [0x00000000eab00000, 0x00000000f2f00000, 0x0000000100000000)
  eden space 110592K, 0% used [0x00000000eab00000,0x00000000eab00000,0x00000000f1700000)
  from space 10752K, 99% used [0x00000000f2280000,0x00000000f2cfd020,0x00000000f2d00000)
  to   space 11776K, 0% used [0x00000000f1700000,0x00000000f1700000,0x00000000f2280000)
 ParOldGen       total 55808K, used 18882K [0x00000000c0000000, 0x00000000c3680000, 0x00000000eab00000)
  object space 55808K, 33% used [0x00000000c0000000,0x00000000c12709b0,0x00000000c3680000)
 Metaspace       used 34639K, capacity 35332K, committed 35416K, reserved 1079296K
  class space    used 4944K, capacity 5198K, committed 5248K, reserved 1048576K
}
Event: 17.852 GC heap before
{Heap before GC invocations=10 (full 2):
 PSYoungGen      total 121344K, used 10740K [0x00000000eab00000, 0x00000000f2f00000, 0x0000000100000000)
  eden space 110592K, 0% used [0x00000000eab00000,0x00000000eab00000,0x00000000f1700000)
  from space 10752K, 99% used [0x00000000f2280000,0x00000000f2cfd020,0x00000000f2d00000)
  to   space 11776K, 0% used [0x00000000f1700000,0x00000000f1700000,0x00000000f2280000)
 ParOldGen       total 55808K, used 18882K [0x00000000c0000000, 0x00000000c3680000, 0x00000000eab00000)
  object space 55808K, 33% used [0x00000000c0000000,0x00000000c12709b0,0x00000000c3680000)
 Metaspace       used 34639K, capacity 35332K, committed 35416K, reserved 1079296K
  class space    used 4944K, capacity 5198K, committed 5248K, reserved 1048576K
Event: 18.004 GC heap after
Heap after GC invocations=10 (full 2):
 PSYoungGen      total 121344K, used 0K [0x00000000eab00000, 0x00000000f2f00000, 0x0000000100000000)
  eden space 110592K, 0% used [0x00000000eab00000,0x00000000eab00000,0x00000000f1700000)
  from space 10752K, 0% used [0x00000000f2280000,0x00000000f2280000,0x00000000f2d00000)
  to   space 11776K, 0% used [0x00000000f1700000,0x00000000f1700000,0x00000000f2280000)
 ParOldGen       total 88064K, used 22607K [0x00000000c0000000, 0x00000000c5600000, 0x00000000eab00000)
  object space 88064K, 25% used [0x00000000c0000000,0x00000000c1613c88,0x00000000c5600000)
 Metaspace       used 34639K, capacity 35332K, committed 35416K, reserved 1079296K
  class space    used 4944K, capacity 5198K, committed 5248K, reserved 1048576K
}

